TMS470 Assembler PC v4.9.9 Tue Dec 10 11:03:54 2013

Tools Copyright (c) 1996-2013 Texas Instruments Incorporated
task.asm                                                             PAGE    1

       1                    ;******************************************************************************
       2                    ;* G3 TMS470 C/C++ Codegen                                          PC v4.9.9 *
       3                    ;* Date/Time created: Tue Dec 10 11:03:54 2013                                *
       4                    ;******************************************************************************
       5                            .compiler_opts --abi=eabi --arm_vmrs_si_workaround=on --code_state=16 --disable_dual_state --e
       6 00000000                   .thumb
       7                    
       8                    $C$DW$CU        .dwtag  DW_TAG_compile_unit
       9                            .dwattr $C$DW$CU, DW_AT_name("../src/task.c")
      10                            .dwattr $C$DW$CU, DW_AT_producer("G3 TMS470 C/C++ Codegen PC v4.9.9 Copyright (c) 1996-2013 Te
      11                            .dwattr $C$DW$CU, DW_AT_TI_version(0x01)
      12                            .dwattr $C$DW$CU, DW_AT_comp_dir("C:\Developing\workspace\versdOS\Debug")
      13                    
      14                    $C$DW$1 .dwtag  DW_TAG_subprogram, DW_AT_name("malloc")
      15                            .dwattr $C$DW$1, DW_AT_TI_symbol_name("malloc")
      16                            .dwattr $C$DW$1, DW_AT_type(*$C$DW$T$3)
      17                            .dwattr $C$DW$1, DW_AT_declaration
      18                            .dwattr $C$DW$1, DW_AT_external
      19                            .dwattr $C$DW$1, DW_AT_decl_file("C:/ti/ccsv5/tools/compiler/arm_4.9.9/include/stdlib.h")
      20                            .dwattr $C$DW$1, DW_AT_decl_line(0x98)
      21                            .dwattr $C$DW$1, DW_AT_decl_column(0x19)
      22                    $C$DW$2 .dwtag  DW_TAG_formal_parameter
      23                            .dwattr $C$DW$2, DW_AT_type(*$C$DW$T$33)
      24                            .dwendtag $C$DW$1
      25                    
      26                    
      27                    $C$DW$3 .dwtag  DW_TAG_subprogram, DW_AT_name("writePSP")
      28                            .dwattr $C$DW$3, DW_AT_TI_symbol_name("writePSP")
      29                            .dwattr $C$DW$3, DW_AT_declaration
      30                            .dwattr $C$DW$3, DW_AT_external
      31                            .dwattr $C$DW$3, DW_AT_decl_file("..\src\schedule.h")
      32                            .dwattr $C$DW$3, DW_AT_decl_line(0x19)
      33                            .dwattr $C$DW$3, DW_AT_decl_column(0x06)
      34                    $C$DW$4 .dwtag  DW_TAG_formal_parameter
      35                            .dwattr $C$DW$4, DW_AT_type(*$C$DW$T$3)
      36                            .dwendtag $C$DW$3
      37                    
      38                            .global taskList
      39 00000000           taskList:       .usect  ".bss:taskList",320,4
      40                    $C$DW$5 .dwtag  DW_TAG_variable, DW_AT_name("taskList")
      41                            .dwattr $C$DW$5, DW_AT_TI_symbol_name("taskList")
      42                            .dwattr $C$DW$5, DW_AT_location[DW_OP_addr taskList]
      43                            .dwattr $C$DW$5, DW_AT_type(*$C$DW$T$74)
      44                            .dwattr $C$DW$5, DW_AT_external
      45                            .dwattr $C$DW$5, DW_AT_decl_file("../src/task.c")
      46                            .dwattr $C$DW$5, DW_AT_decl_line(0x13)
      47                            .dwattr $C$DW$5, DW_AT_decl_column(0x06)
      48                    $C$DW$6 .dwtag  DW_TAG_variable, DW_AT_name("currentTask")
      49                            .dwattr $C$DW$6, DW_AT_TI_symbol_name("currentTask")
      50                            .dwattr $C$DW$6, DW_AT_type(*$C$DW$T$75)
      51                            .dwattr $C$DW$6, DW_AT_declaration
      52                            .dwattr $C$DW$6, DW_AT_external
      53                            .dwattr $C$DW$6, DW_AT_decl_file("../src/task.c")
      54                            .dwattr $C$DW$6, DW_AT_decl_line(0x16)
      55                            .dwattr $C$DW$6, DW_AT_decl_column(0x0f)
TMS470 Assembler PC v4.9.9 Tue Dec 10 11:03:54 2013

Tools Copyright (c) 1996-2013 Texas Instruments Incorporated
task.asm                                                             PAGE    2

      56                    ;       C:\ti\ccsv5\tools\compiler\arm_4.9.9\bin\acpia470.exe -@C:\\TEMP\\0512412 
      57 00000000                   .sect   ".text:addTaskToList"
      58                            .clink
      59                            .thumbfunc addTaskToList
      60 00000000                   .thumb
      61                            .global addTaskToList
      62                    
      63                    $C$DW$7 .dwtag  DW_TAG_subprogram, DW_AT_name("addTaskToList")
      64                            .dwattr $C$DW$7, DW_AT_low_pc(addTaskToList)
      65                            .dwattr $C$DW$7, DW_AT_high_pc(0x00)
      66                            .dwattr $C$DW$7, DW_AT_TI_symbol_name("addTaskToList")
      67                            .dwattr $C$DW$7, DW_AT_external
      68                            .dwattr $C$DW$7, DW_AT_TI_begin_file("../src/task.c")
      69                            .dwattr $C$DW$7, DW_AT_TI_begin_line(0x22)
      70                            .dwattr $C$DW$7, DW_AT_TI_begin_column(0x06)
      71                            .dwattr $C$DW$7, DW_AT_decl_file("../src/task.c")
      72                            .dwattr $C$DW$7, DW_AT_decl_line(0x22)
      73                            .dwattr $C$DW$7, DW_AT_decl_column(0x06)
      74                            .dwattr $C$DW$7, DW_AT_TI_max_frame_size(0x18)
      75                            .dwpsn  file "../src/task.c",line 35,column 1,is_stmt,address addTaskToList
      76                    
      77                            .dwfde $C$DW$CIE, addTaskToList
      78                    $C$DW$8 .dwtag  DW_TAG_formal_parameter, DW_AT_name("function")
      79                            .dwattr $C$DW$8, DW_AT_TI_symbol_name("function")
      80                            .dwattr $C$DW$8, DW_AT_type(*$C$DW$T$24)
      81                            .dwattr $C$DW$8, DW_AT_location[DW_OP_reg0]
      82                    $C$DW$9 .dwtag  DW_TAG_formal_parameter, DW_AT_name("stackSize")
      83                            .dwattr $C$DW$9, DW_AT_TI_symbol_name("stackSize")
      84                            .dwattr $C$DW$9, DW_AT_type(*$C$DW$T$10)
      85                            .dwattr $C$DW$9, DW_AT_location[DW_OP_reg1]
      86                    $C$DW$10        .dwtag  DW_TAG_formal_parameter, DW_AT_name("priority")
      87                            .dwattr $C$DW$10, DW_AT_TI_symbol_name("priority")
      88                            .dwattr $C$DW$10, DW_AT_type(*$C$DW$T$10)
      89                            .dwattr $C$DW$10, DW_AT_location[DW_OP_reg2]
      90                    ;----------------------------------------------------------------------
      91                    ;  34 | void addTaskToList(void(*function)(void), int stackSize, int priority) 
      92                    ;----------------------------------------------------------------------
      93                    
      94                    ;*****************************************************************************
      95                    ;* FUNCTION NAME: addTaskToList                                              *
      96                    ;*                                                                           *
      97                    ;*   Regs Modified     : A1,A2,A3,A4,V9,SP,LR,SR,D0,D0_hi,D1,D1_hi,D2,D2_hi, *
      98                    ;*                           D3,D3_hi,D4,D4_hi,D5,D5_hi,D6,D6_hi,D7,D7_hi,   *
      99                    ;*                           FPEXC,FPSCR                                     *
     100                    ;*   Regs Used         : A1,A2,A3,A4,V9,SP,LR,SR,D0,D0_hi,D1,D1_hi,D2,D2_hi, *
     101                    ;*                           D3,D3_hi,D4,D4_hi,D5,D5_hi,D6,D6_hi,D7,D7_hi,   *
     102                    ;*                           FPEXC,FPSCR                                     *
     103                    ;*   Local Frame Size  : 0 Args + 16 Auto + 4 Save = 20 byte                 *
     104                    ;*****************************************************************************
     105 00000000           addTaskToList:
     106                    ;* --------------------------------------------------------------------------*
     107                            .dwcfi  cfa_offset, 0
     108                            .dwcfi  save_reg_to_reg, 84, 14
     109 00000000 B500              PUSH      {LR}                  ; [DPU_3_PIPE]  ; [ORIG 16-BIT INS]
     110                            .dwcfi  cfa_offset, 4
TMS470 Assembler PC v4.9.9 Tue Dec 10 11:03:54 2013

Tools Copyright (c) 1996-2013 Texas Instruments Incorporated
task.asm                                                             PAGE    3

     111                            .dwcfi  save_reg_to_mem, 14, -4
     112 00000002 0D14F1AD          SUB       SP, SP, #20           ; [DPU_3_PIPE]  ; [KEEP 32-BIT INS]
     113                            .dwcfi  cfa_offset, 24
     114                    $C$DW$11        .dwtag  DW_TAG_variable, DW_AT_name("function")
     115                            .dwattr $C$DW$11, DW_AT_TI_symbol_name("function")
     116                            .dwattr $C$DW$11, DW_AT_type(*$C$DW$T$24)
     117                            .dwattr $C$DW$11, DW_AT_location[DW_OP_breg13 0]
     118                    $C$DW$12        .dwtag  DW_TAG_variable, DW_AT_name("stackSize")
     119                            .dwattr $C$DW$12, DW_AT_TI_symbol_name("stackSize")
     120                            .dwattr $C$DW$12, DW_AT_type(*$C$DW$T$10)
     121                            .dwattr $C$DW$12, DW_AT_location[DW_OP_breg13 4]
     122                    $C$DW$13        .dwtag  DW_TAG_variable, DW_AT_name("priority")
     123                            .dwattr $C$DW$13, DW_AT_TI_symbol_name("priority")
     124                            .dwattr $C$DW$13, DW_AT_type(*$C$DW$T$10)
     125                            .dwattr $C$DW$13, DW_AT_location[DW_OP_breg13 8]
     126                    $C$DW$14        .dwtag  DW_TAG_variable, DW_AT_name("i")
     127                            .dwattr $C$DW$14, DW_AT_TI_symbol_name("i")
     128                            .dwattr $C$DW$14, DW_AT_type(*$C$DW$T$26)
     129                            .dwattr $C$DW$14, DW_AT_location[DW_OP_breg13 12]
     130 00000006 9202              STR       A3, [SP, #8]          ; [DPU_3_PIPE] |35|  ; [ORIG 16-BIT INS]
     131 00000008 9101              STR       A2, [SP, #4]          ; [DPU_3_PIPE] |35|  ; [ORIG 16-BIT INS]
     132 0000000a 9000              STR       A1, [SP, #0]          ; [DPU_3_PIPE] |35|  ; [ORIG 16-BIT INS]
     133                            .dwpsn  file "../src/task.c",line 36,column 10,is_stmt
     134                    ;----------------------------------------------------------------------
     135                    ;  36 | uint8_t i=0;                                                           
     136                    ;  38 | //Simply find the next empty spot                                      
     137                    ;----------------------------------------------------------------------
     138 0000000c 2000              MOVS      A1, #0                ; [DPU_3_PIPE] |36|  ; [ORIG 16-BIT INS]
     139 0000000e 000CF88D          STRB      A1, [SP, #12]         ; [DPU_3_PIPE] |36|  ; [KEEP 32-BIT INS]
     140                            .dwpsn  file "../src/task.c",line 39,column 2,is_stmt
     141                    ;----------------------------------------------------------------------
     142                    ;  39 | while(taskList[i].function != 0){                                      
     143                    ;  40 |         //increment i and roll back at the limit                       
     144                    ;----------------------------------------------------------------------
     145 00000012 E00A              B         ||$C$L2||             ; [DPU_3_PIPE] |39|  ; [ORIG 16-BIT INS]
     146                            ; BRANCH OCCURS {||$C$L2||}      ; [] |39| 
     147                    ;* --------------------------------------------------------------------------*
     148 00000014           ||$C$L1||:    
     149 00000014           $C$DW$L$addTaskToList$2$B:
     150                            .dwpsn  file "../src/task.c",line 41,column 3,is_stmt
     151                    ;----------------------------------------------------------------------
     152                    ;  41 | i++;                                                                   
     153                    ;----------------------------------------------------------------------
     154 00000014 000CF89D          LDRB      A1, [SP, #12]         ; [DPU_3_PIPE] |41|  ; [KEEP 32-BIT INS]
     155 00000018 1C40              ADDS      A1, A1, #1            ; [DPU_3_PIPE] |41|  ; [ORIG 16-BIT INS]
     156 0000001a 000CF88D          STRB      A1, [SP, #12]         ; [DPU_3_PIPE] |41|  ; [KEEP 32-BIT INS]
     157                            .dwpsn  file "../src/task.c",line 42,column 3,is_stmt
     158                    ;----------------------------------------------------------------------
     159                    ;  42 | i &= TASK_MASK;                                                        
     160                    ;  45 | //The new and latest task will become the currentTask                  
     161                    ;----------------------------------------------------------------------
     162 0000001e 000CF89D          LDRB      A1, [SP, #12]         ; [DPU_3_PIPE] |42|  ; [KEEP 32-BIT INS]
     163 00000022 000FF000          AND       A1, A1, #15           ; [DPU_3_PIPE] |42|  ; [KEEP 32-BIT INS]
     164 00000026 000CF88D          STRB      A1, [SP, #12]         ; [DPU_3_PIPE] |42|  ; [KEEP 32-BIT INS]
     165 0000002a           $C$DW$L$addTaskToList$2$E:
TMS470 Assembler PC v4.9.9 Tue Dec 10 11:03:54 2013

Tools Copyright (c) 1996-2013 Texas Instruments Incorporated
task.asm                                                             PAGE    4

     166                    ;* --------------------------------------------------------------------------*
     167                    ;*   BEGIN LOOP ||$C$L2||
     168                    ;* --------------------------------------------------------------------------*
     169 0000002a           ||$C$L2||:    
     170 0000002a           $C$DW$L$addTaskToList$3$B:
     171                            .dwpsn  file "../src/task.c",line 39,column 8,is_stmt
     172 0000002a 100CF89D          LDRB      A2, [SP, #12]         ; [DPU_3_PIPE] |39|  ; [KEEP 32-BIT INS]
     173 0000002e 0088              LSLS      A1, A2, #2            ; [DPU_3_PIPE] |39|  ; [ORIG 16-BIT INS]
     174 00000030 1001EB00          ADD       A1, A1, A2, LSL #4    ; [DPU_3_PIPE] |39|  ; [KEEP 32-BIT INS]
     175 00000034 4933              LDR       A2, $C$CON1           ; [DPU_3_PIPE] |39|  ; [ORIG 16-BIT INS]
     176 00000036 5808              LDR       A1, [A2, +A1]         ; [DPU_3_PIPE] |39|  ; [ORIG 16-BIT INS]
     177 00000038 2800              CMP       A1, #0                ; [DPU_3_PIPE] |39|  ; [ORIG 16-BIT INS]
     178 0000003a D1EB              BNE       ||$C$L1||             ; [DPU_3_PIPE] |39|  ; [ORIG 16-BIT INS]
     179                            ; BRANCHCC OCCURS {||$C$L1||}    ; [] |39| 
     180 0000003c           $C$DW$L$addTaskToList$3$E:
     181                    ;* --------------------------------------------------------------------------*
     182                            .dwpsn  file "../src/task.c",line 46,column 2,is_stmt
     183                    ;----------------------------------------------------------------------
     184                    ;  46 | currentTask = &taskList[i];                                            
     185                    ;----------------------------------------------------------------------
     186 0000003c 100CF89D          LDRB      A2, [SP, #12]         ; [DPU_3_PIPE] |46|  ; [KEEP 32-BIT INS]
     187 00000040 0088              LSLS      A1, A2, #2            ; [DPU_3_PIPE] |46|  ; [ORIG 16-BIT INS]
     188 00000042 1001EB00          ADD       A1, A1, A2, LSL #4    ; [DPU_3_PIPE] |46|  ; [KEEP 32-BIT INS]
     189 00000046 4931              LDR       A2, $C$CON3           ; [DPU_3_PIPE] |46|  ; [ORIG 16-BIT INS]
     190 00000048 1809              ADDS      A2, A2, A1            ; [DPU_3_PIPE] |46|  ; [ORIG 16-BIT INS]
     191 0000004a 482F              LDR       A1, $C$CON2           ; [DPU_3_PIPE] |46|  ; [ORIG 16-BIT INS]
     192 0000004c 6001              STR       A2, [A1, #0]          ; [DPU_3_PIPE] |46|  ; [ORIG 16-BIT INS]
     193                            .dwpsn  file "../src/task.c",line 48,column 2,is_stmt
     194                    ;----------------------------------------------------------------------
     195                    ;  48 | currentTask->function = function;                                      
     196                    ;  50 | //Allocate memory... do we wanna use malloc or our own implementation ;
     197                    ;     | -) ?                                                                   
     198                    ;----------------------------------------------------------------------
     199 0000004e 492E              LDR       A2, $C$CON2           ; [DPU_3_PIPE] |48|  ; [ORIG 16-BIT INS]
     200 00000050 9800              LDR       A1, [SP, #0]          ; [DPU_3_PIPE] |48|  ; [ORIG 16-BIT INS]
     201 00000052 6809              LDR       A2, [A2, #0]          ; [DPU_3_PIPE] |48|  ; [ORIG 16-BIT INS]
     202 00000054 6048              STR       A1, [A2, #4]          ; [DPU_3_PIPE] |48|  ; [ORIG 16-BIT INS]
     203                            .dwpsn  file "../src/task.c",line 51,column 2,is_stmt
     204                    ;----------------------------------------------------------------------
     205                    ;  51 | currentTask->stack = (int *)malloc(stackSize)+stackSize;               
     206                    ;  53 | //now we initialize the stack for when we return the first time from th
     207                    ;     | e scheduler                                                            
     208                    ;  54 | //This is the 'hardware' stack                                         
     209                    ;----------------------------------------------------------------------
     210 00000056 9801              LDR       A1, [SP, #4]          ; [DPU_3_PIPE] |51|  ; [ORIG 16-BIT INS]
     211                    $C$DW$15        .dwtag  DW_TAG_TI_branch
     212                            .dwattr $C$DW$15, DW_AT_low_pc(0x00)
     213                            .dwattr $C$DW$15, DW_AT_name("malloc")
     214                            .dwattr $C$DW$15, DW_AT_TI_call
     215 00000058 FFFEF7FF!         BL        malloc                ; [DPU_3_PIPE] |51|  ; [KEEP 32-BIT INS]
     216                            ; CALL OCCURS {malloc }          ; [] |51| 
     217 0000005c 9901              LDR       A2, [SP, #4]          ; [DPU_3_PIPE] |51|  ; [ORIG 16-BIT INS]
     218 0000005e 0081EB00          ADD       A1, A1, A2, LSL #2    ; [DPU_3_PIPE] |51|  ; [KEEP 32-BIT INS]
     219 00000062 4929              LDR       A2, $C$CON2           ; [DPU_3_PIPE] |51|  ; [ORIG 16-BIT INS]
     220 00000064 6809              LDR       A2, [A2, #0]          ; [DPU_3_PIPE] |51|  ; [ORIG 16-BIT INS]
TMS470 Assembler PC v4.9.9 Tue Dec 10 11:03:54 2013

Tools Copyright (c) 1996-2013 Texas Instruments Incorporated
task.asm                                                             PAGE    5

     221 00000066 6008              STR       A1, [A2, #0]          ; [DPU_3_PIPE] |51|  ; [ORIG 16-BIT INS]
     222                            .dwpsn  file "../src/task.c",line 55,column 2,is_stmt
     223                    ;----------------------------------------------------------------------
     224                    ;  55 | *((currentTask->stack)--)       = 0x01000000;
     225                    ;     |          //XSPR  nothing special , no fpu etc.                         
     226                    ;----------------------------------------------------------------------
     227 00000068 4827              LDR       A1, $C$CON2           ; [DPU_3_PIPE] |55|  ; [ORIG 16-BIT INS]
     228 0000006a 6801              LDR       A2, [A1, #0]          ; [DPU_3_PIPE] |55|  ; [ORIG 16-BIT INS]
     229 0000006c 6808              LDR       A1, [A2, #0]          ; [DPU_3_PIPE] |55|  ; [ORIG 16-BIT INS]
     230 0000006e 1F02              SUBS      A3, A1, #4            ; [DPU_3_PIPE] |55|  ; [ORIG 16-BIT INS]
     231 00000070 600A              STR       A3, [A2, #0]          ; [DPU_3_PIPE] |55|  ; [ORIG 16-BIT INS]
     232 00000072 7180F04F          MOV       A2, #16777216         ; [DPU_3_PIPE] |55|  ; [KEEP 32-BIT INS]
     233 00000076 6001              STR       A2, [A1, #0]          ; [DPU_3_PIPE] |55|  ; [ORIG 16-BIT INS]
     234                            .dwpsn  file "../src/task.c",line 56,column 2,is_stmt
     235                    ;----------------------------------------------------------------------
     236                    ;  56 | *((currentTask->stack)--)       = (int)currentTask->function;   //set P
     237                    ;     | C to function pointer, cast as int to silence the compiler             
     238                    ;----------------------------------------------------------------------
     239 00000078 4823              LDR       A1, $C$CON2           ; [DPU_3_PIPE] |56|  ; [ORIG 16-BIT INS]
     240 0000007a 6801              LDR       A2, [A1, #0]          ; [DPU_3_PIPE] |56|  ; [ORIG 16-BIT INS]
     241 0000007c 6808              LDR       A1, [A2, #0]          ; [DPU_3_PIPE] |56|  ; [ORIG 16-BIT INS]
     242 0000007e 1F02              SUBS      A3, A1, #4            ; [DPU_3_PIPE] |56|  ; [ORIG 16-BIT INS]
     243 00000080 600A              STR       A3, [A2, #0]          ; [DPU_3_PIPE] |56|  ; [ORIG 16-BIT INS]
     244 00000082 4921              LDR       A2, $C$CON2           ; [DPU_3_PIPE] |56|  ; [ORIG 16-BIT INS]
     245 00000084 6809              LDR       A2, [A2, #0]          ; [DPU_3_PIPE] |56|  ; [ORIG 16-BIT INS]
     246 00000086 6849              LDR       A2, [A2, #4]          ; [DPU_3_PIPE] |56|  ; [ORIG 16-BIT INS]
     247 00000088 6001              STR       A2, [A1, #0]          ; [DPU_3_PIPE] |56|  ; [ORIG 16-BIT INS]
     248                            .dwpsn  file "../src/task.c",line 57,column 2,is_stmt
     249                    ;----------------------------------------------------------------------
     250                    ;  57 | *((currentTask->stack)--)       = 0xFFFFFFFD;
     251                    ;     |          //LR                                                          
     252                    ;----------------------------------------------------------------------
     253 0000008a 481F              LDR       A1, $C$CON2           ; [DPU_3_PIPE] |57|  ; [ORIG 16-BIT INS]
     254 0000008c 6801              LDR       A2, [A1, #0]          ; [DPU_3_PIPE] |57|  ; [ORIG 16-BIT INS]
     255 0000008e 6808              LDR       A1, [A2, #0]          ; [DPU_3_PIPE] |57|  ; [ORIG 16-BIT INS]
     256 00000090 1F02              SUBS      A3, A1, #4            ; [DPU_3_PIPE] |57|  ; [ORIG 16-BIT INS]
     257 00000092 600A              STR       A3, [A2, #0]          ; [DPU_3_PIPE] |57|  ; [ORIG 16-BIT INS]
     258 00000094 0102F06F          MVN       A2, #2                ; [DPU_3_PIPE] |57|  ; [KEEP 32-BIT INS]
     259 00000098 6001              STR       A2, [A1, #0]          ; [DPU_3_PIPE] |57|  ; [ORIG 16-BIT INS]
     260                            .dwpsn  file "../src/task.c",line 58,column 2,is_stmt
     261                    ;----------------------------------------------------------------------
     262                    ;  58 | *((currentTask->stack)--)       = 0x0000000C;
     263                    ;     |          //R12   Initial values used for debugging purposes            
     264                    ;----------------------------------------------------------------------
     265 0000009a 481B              LDR       A1, $C$CON2           ; [DPU_3_PIPE] |58|  ; [ORIG 16-BIT INS]
     266 0000009c 6801              LDR       A2, [A1, #0]          ; [DPU_3_PIPE] |58|  ; [ORIG 16-BIT INS]
     267 0000009e 6808              LDR       A1, [A2, #0]          ; [DPU_3_PIPE] |58|  ; [ORIG 16-BIT INS]
     268 000000a0 1F02              SUBS      A3, A1, #4            ; [DPU_3_PIPE] |58|  ; [ORIG 16-BIT INS]
     269 000000a2 600A              STR       A3, [A2, #0]          ; [DPU_3_PIPE] |58|  ; [ORIG 16-BIT INS]
     270 000000a4 210C              MOVS      A2, #12               ; [DPU_3_PIPE] |58|  ; [ORIG 16-BIT INS]
     271 000000a6 6001              STR       A2, [A1, #0]          ; [DPU_3_PIPE] |58|  ; [ORIG 16-BIT INS]
     272                            .dwpsn  file "../src/task.c",line 59,column 2,is_stmt
     273                    ;----------------------------------------------------------------------
     274                    ;  59 | *((currentTask->stack)--)       = 0x00000003;
     275                    ;     |          //R3                                                          
TMS470 Assembler PC v4.9.9 Tue Dec 10 11:03:54 2013

Tools Copyright (c) 1996-2013 Texas Instruments Incorporated
task.asm                                                             PAGE    6

     276                    ;----------------------------------------------------------------------
     277 000000a8 4817              LDR       A1, $C$CON2           ; [DPU_3_PIPE] |59|  ; [ORIG 16-BIT INS]
     278 000000aa 6801              LDR       A2, [A1, #0]          ; [DPU_3_PIPE] |59|  ; [ORIG 16-BIT INS]
     279 000000ac 6808              LDR       A1, [A2, #0]          ; [DPU_3_PIPE] |59|  ; [ORIG 16-BIT INS]
     280 000000ae 1F02              SUBS      A3, A1, #4            ; [DPU_3_PIPE] |59|  ; [ORIG 16-BIT INS]
     281 000000b0 600A              STR       A3, [A2, #0]          ; [DPU_3_PIPE] |59|  ; [ORIG 16-BIT INS]
     282 000000b2 2103              MOVS      A2, #3                ; [DPU_3_PIPE] |59|  ; [ORIG 16-BIT INS]
     283 000000b4 6001              STR       A2, [A1, #0]          ; [DPU_3_PIPE] |59|  ; [ORIG 16-BIT INS]
     284                            .dwpsn  file "../src/task.c",line 60,column 2,is_stmt
     285                    ;----------------------------------------------------------------------
     286                    ;  60 | *((currentTask->stack)--)       = 0x00000002;
     287                    ;     |          //R2                                                          
     288                    ;----------------------------------------------------------------------
     289 000000b6 4814              LDR       A1, $C$CON2           ; [DPU_3_PIPE] |60|  ; [ORIG 16-BIT INS]
     290 000000b8 6801              LDR       A2, [A1, #0]          ; [DPU_3_PIPE] |60|  ; [ORIG 16-BIT INS]
     291 000000ba 6808              LDR       A1, [A2, #0]          ; [DPU_3_PIPE] |60|  ; [ORIG 16-BIT INS]
     292 000000bc 1F02              SUBS      A3, A1, #4            ; [DPU_3_PIPE] |60|  ; [ORIG 16-BIT INS]
     293 000000be 600A              STR       A3, [A2, #0]          ; [DPU_3_PIPE] |60|  ; [ORIG 16-BIT INS]
     294 000000c0 2102              MOVS      A2, #2                ; [DPU_3_PIPE] |60|  ; [ORIG 16-BIT INS]
     295 000000c2 6001              STR       A2, [A1, #0]          ; [DPU_3_PIPE] |60|  ; [ORIG 16-BIT INS]
     296                            .dwpsn  file "../src/task.c",line 61,column 2,is_stmt
     297                    ;----------------------------------------------------------------------
     298                    ;  61 | *((currentTask->stack)--)       = 0x00000001;
     299                    ;     |          //R1                                                          
     300                    ;----------------------------------------------------------------------
     301 000000c4 4810              LDR       A1, $C$CON2           ; [DPU_3_PIPE] |61|  ; [ORIG 16-BIT INS]
     302 000000c6 6801              LDR       A2, [A1, #0]          ; [DPU_3_PIPE] |61|  ; [ORIG 16-BIT INS]
     303 000000c8 6808              LDR       A1, [A2, #0]          ; [DPU_3_PIPE] |61|  ; [ORIG 16-BIT INS]
     304 000000ca 1F02              SUBS      A3, A1, #4            ; [DPU_3_PIPE] |61|  ; [ORIG 16-BIT INS]
     305 000000cc 600A              STR       A3, [A2, #0]          ; [DPU_3_PIPE] |61|  ; [ORIG 16-BIT INS]
     306 000000ce 2101              MOVS      A2, #1                ; [DPU_3_PIPE] |61|  ; [ORIG 16-BIT INS]
     307 000000d0 6001              STR       A2, [A1, #0]          ; [DPU_3_PIPE] |61|  ; [ORIG 16-BIT INS]
     308                            .dwpsn  file "../src/task.c",line 62,column 2,is_stmt
     309                    ;----------------------------------------------------------------------
     310                    ;  62 | *((currentTask->stack))         = 0x00000000;
     311                    ;     |          //R0                                                          
     312                    ;  64 | //currentTask->stack-=8;                //lower the stack pointer to si
     313                    ;     | mulate the other R4-R11 registers                                      
     314                    ;  66 | //Update the CPU PSP with our new stack pointer                        
     315                    ;----------------------------------------------------------------------
     316 000000d2 480D              LDR       A1, $C$CON2           ; [DPU_3_PIPE] |62|  ; [ORIG 16-BIT INS]
     317 000000d4 6800              LDR       A1, [A1, #0]          ; [DPU_3_PIPE] |62|  ; [ORIG 16-BIT INS]
     318 000000d6 6800              LDR       A1, [A1, #0]          ; [DPU_3_PIPE] |62|  ; [ORIG 16-BIT INS]
     319 000000d8 2100              MOVS      A2, #0                ; [DPU_3_PIPE] |62|  ; [ORIG 16-BIT INS]
     320 000000da 6001              STR       A2, [A1, #0]          ; [DPU_3_PIPE] |62|  ; [ORIG 16-BIT INS]
     321                            .dwpsn  file "../src/task.c",line 67,column 2,is_stmt
     322                    ;----------------------------------------------------------------------
     323                    ;  67 | writePSP(currentTask->stack);                                          
     324                    ;----------------------------------------------------------------------
     325 000000dc 480A              LDR       A1, $C$CON2           ; [DPU_3_PIPE] |67|  ; [ORIG 16-BIT INS]
     326 000000de 6800              LDR       A1, [A1, #0]          ; [DPU_3_PIPE] |67|  ; [ORIG 16-BIT INS]
     327 000000e0 6800              LDR       A1, [A1, #0]          ; [DPU_3_PIPE] |67|  ; [ORIG 16-BIT INS]
     328                    $C$DW$16        .dwtag  DW_TAG_TI_branch
     329                            .dwattr $C$DW$16, DW_AT_low_pc(0x00)
     330                            .dwattr $C$DW$16, DW_AT_name("writePSP")
TMS470 Assembler PC v4.9.9 Tue Dec 10 11:03:54 2013

Tools Copyright (c) 1996-2013 Texas Instruments Incorporated
task.asm                                                             PAGE    7

     331                            .dwattr $C$DW$16, DW_AT_TI_call
     332 000000e2 FFFEF7FF!         BL        writePSP              ; [DPU_3_PIPE] |67|  ; [KEEP 32-BIT INS]
     333                            ; CALL OCCURS {writePSP }        ; [] |67| 
     334                            .dwpsn  file "../src/task.c",line 72,column 2,is_stmt
     335                    ;----------------------------------------------------------------------
     336                    ;  72 | currentTask->state                      = READY;                       
     337                    ;----------------------------------------------------------------------
     338 000000e6 4808              LDR       A1, $C$CON2           ; [DPU_3_PIPE] |72|  ; [ORIG 16-BIT INS]
     339 000000e8 6800              LDR       A1, [A1, #0]          ; [DPU_3_PIPE] |72|  ; [ORIG 16-BIT INS]
     340 000000ea 2101              MOVS      A2, #1                ; [DPU_3_PIPE] |72|  ; [ORIG 16-BIT INS]
     341 000000ec 7201              STRB      A2, [A1, #8]          ; [DPU_3_PIPE] |72|  ; [ORIG 16-BIT INS]
     342                            .dwpsn  file "../src/task.c",line 73,column 2,is_stmt
     343                    ;----------------------------------------------------------------------
     344                    ;  73 | currentTask->bInitialized       = 0;                                   
     345                    ;----------------------------------------------------------------------
     346 000000ee 4806              LDR       A1, $C$CON2           ; [DPU_3_PIPE] |73|  ; [ORIG 16-BIT INS]
     347 000000f0 6800              LDR       A1, [A1, #0]          ; [DPU_3_PIPE] |73|  ; [ORIG 16-BIT INS]
     348 000000f2 2100              MOVS      A2, #0                ; [DPU_3_PIPE] |73|  ; [ORIG 16-BIT INS]
     349 000000f4 7401              STRB      A2, [A1, #16]         ; [DPU_3_PIPE] |73|  ; [ORIG 16-BIT INS]
     350                            .dwpsn  file "../src/task.c",line 74,column 2,is_stmt
     351                    ;----------------------------------------------------------------------
     352                    ;  74 | currentTask->uiPriority         = priority;                            
     353                    ;----------------------------------------------------------------------
     354 000000f6 4904              LDR       A2, $C$CON2           ; [DPU_3_PIPE] |74|  ; [ORIG 16-BIT INS]
     355 000000f8 0008F89D          LDRB      A1, [SP, #8]          ; [DPU_3_PIPE] |74|  ; [KEEP 32-BIT INS]
     356 000000fc 6809              LDR       A2, [A2, #0]          ; [DPU_3_PIPE] |74|  ; [ORIG 16-BIT INS]
     357 000000fe 7248              STRB      A1, [A2, #9]          ; [DPU_3_PIPE] |74|  ; [ORIG 16-BIT INS]
     358                            .dwpsn  file "../src/task.c",line 77,column 2,is_stmt
     359                    ;----------------------------------------------------------------------
     360                    ;  77 | return;                                                                
     361                    ;----------------------------------------------------------------------
     362                            .dwpsn  file "../src/task.c",line 78,column 1,is_stmt
     363 00000100 B005              ADD       SP, SP, #20           ; [DPU_3_PIPE]  ; [ORIG 16-BIT INS]
     364                            .dwcfi  cfa_offset, 4
     365                    $C$DW$17        .dwtag  DW_TAG_TI_branch
     366                            .dwattr $C$DW$17, DW_AT_low_pc(0x00)
     367                            .dwattr $C$DW$17, DW_AT_TI_return
     368 00000102 BD00              POP       {PC}                  ; [DPU_3_PIPE]  ; [ORIG 16-BIT INS]
     369                            ; BRANCH OCCURS                  ; [] 
     370                    
     371                    $C$DW$18        .dwtag  DW_TAG_TI_loop
     372                            .dwattr $C$DW$18, DW_AT_name("C:\Developing\workspace\versdOS\Debug\task.asm:$C$L2:1:138666983
     373                            .dwattr $C$DW$18, DW_AT_TI_begin_file("../src/task.c")
     374                            .dwattr $C$DW$18, DW_AT_TI_begin_line(0x27)
     375                            .dwattr $C$DW$18, DW_AT_TI_end_line(0x2a)
     376                    $C$DW$19        .dwtag  DW_TAG_TI_loop_range
     377                            .dwattr $C$DW$19, DW_AT_low_pc($C$DW$L$addTaskToList$3$B)
     378                            .dwattr $C$DW$19, DW_AT_high_pc($C$DW$L$addTaskToList$3$E)
     379                    $C$DW$20        .dwtag  DW_TAG_TI_loop_range
     380                            .dwattr $C$DW$20, DW_AT_low_pc($C$DW$L$addTaskToList$2$B)
     381                            .dwattr $C$DW$20, DW_AT_high_pc($C$DW$L$addTaskToList$2$E)
     382                            .dwendtag $C$DW$18
     383                    
     384                            .dwattr $C$DW$7, DW_AT_TI_end_file("../src/task.c")
     385                            .dwattr $C$DW$7, DW_AT_TI_end_line(0x4e)
TMS470 Assembler PC v4.9.9 Tue Dec 10 11:03:54 2013

Tools Copyright (c) 1996-2013 Texas Instruments Incorporated
task.asm                                                             PAGE    8

     386                            .dwattr $C$DW$7, DW_AT_TI_end_column(0x01)
     387                            .dwendentry
     388                            .dwendtag $C$DW$7
     389                    
     390                    ;******************************************************************************
     391                    ;* CONSTANT TABLE                                                             *
     392                    ;******************************************************************************
     393 00000104                   .sect   ".text:addTaskToList"
     394                            .align  4
     395 00000104 00000004! ||$C$CON1||:    .bits   taskList+4,32
     396                            .align  4
     397 00000108 00000000! ||$C$CON2||:    .bits   currentTask,32
     398                            .align  4
     399 0000010c 00000000! ||$C$CON3||:    .bits   taskList,32
     400                    ;*****************************************************************************
     401                    ;* UNDEFINED EXTERNAL REFERENCES                                             *
     402                    ;*****************************************************************************
     403                            .global malloc
     404                            .global writePSP
     405                            .global currentTask
     406                    
     407                    ;******************************************************************************
     408                    ;* BUILD ATTRIBUTES                                                           *
     409                    ;******************************************************************************
     410                            .battr "aeabi", Tag_File, 1, Tag_ABI_PCS_wchar_t(2)
     411                            .battr "aeabi", Tag_File, 1, Tag_ABI_FP_rounding(0)
     412                            .battr "aeabi", Tag_File, 1, Tag_ABI_FP_denormal(0)
     413                            .battr "aeabi", Tag_File, 1, Tag_ABI_FP_exceptions(0)
     414                            .battr "aeabi", Tag_File, 1, Tag_ABI_FP_number_model(1)
     415                            .battr "aeabi", Tag_File, 1, Tag_ABI_enum_size(1)
     416                            .battr "aeabi", Tag_File, 1, Tag_ABI_optimization_goals(5)
     417                            .battr "aeabi", Tag_File, 1, Tag_ABI_FP_optimization_goals(2)
     418                            .battr "TI", Tag_File, 1, Tag_Bitfield_layout(2)
     419                    
     420                    ;******************************************************************************
     421                    ;* TYPE INFORMATION                                                           *
     422                    ;******************************************************************************
     423                    
     424                    $C$DW$T$19      .dwtag  DW_TAG_structure_type
     425                            .dwattr $C$DW$T$19, DW_AT_byte_size(0x08)
     426                    $C$DW$21        .dwtag  DW_TAG_member
     427                            .dwattr $C$DW$21, DW_AT_type(*$C$DW$T$10)
     428                            .dwattr $C$DW$21, DW_AT_name("quot")
     429                            .dwattr $C$DW$21, DW_AT_TI_symbol_name("quot")
     430                            .dwattr $C$DW$21, DW_AT_data_member_location[DW_OP_plus_uconst 0x0]
     431                            .dwattr $C$DW$21, DW_AT_accessibility(DW_ACCESS_public)
     432                            .dwattr $C$DW$21, DW_AT_decl_file("C:/ti/ccsv5/tools/compiler/arm_4.9.9/include/stdlib.h")
     433                            .dwattr $C$DW$21, DW_AT_decl_line(0x4f)
     434                            .dwattr $C$DW$21, DW_AT_decl_column(0x16)
     435                    $C$DW$22        .dwtag  DW_TAG_member
     436                            .dwattr $C$DW$22, DW_AT_type(*$C$DW$T$10)
     437                            .dwattr $C$DW$22, DW_AT_name("rem")
     438                            .dwattr $C$DW$22, DW_AT_TI_symbol_name("rem")
     439                            .dwattr $C$DW$22, DW_AT_data_member_location[DW_OP_plus_uconst 0x4]
     440                            .dwattr $C$DW$22, DW_AT_accessibility(DW_ACCESS_public)
TMS470 Assembler PC v4.9.9 Tue Dec 10 11:03:54 2013

Tools Copyright (c) 1996-2013 Texas Instruments Incorporated
task.asm                                                             PAGE    9

     441                            .dwattr $C$DW$22, DW_AT_decl_file("C:/ti/ccsv5/tools/compiler/arm_4.9.9/include/stdlib.h")
     442                            .dwattr $C$DW$22, DW_AT_decl_line(0x4f)
     443                            .dwattr $C$DW$22, DW_AT_decl_column(0x1c)
     444                            .dwendtag $C$DW$T$19
     445                    
     446                            .dwattr $C$DW$T$19, DW_AT_decl_file("C:/ti/ccsv5/tools/compiler/arm_4.9.9/include/stdlib.h")
     447                            .dwattr $C$DW$T$19, DW_AT_decl_line(0x4f)
     448                            .dwattr $C$DW$T$19, DW_AT_decl_column(0x10)
     449                    $C$DW$T$30      .dwtag  DW_TAG_typedef, DW_AT_name("div_t")
     450                            .dwattr $C$DW$T$30, DW_AT_type(*$C$DW$T$19)
     451                            .dwattr $C$DW$T$30, DW_AT_language(DW_LANG_C)
     452                            .dwattr $C$DW$T$30, DW_AT_decl_file("C:/ti/ccsv5/tools/compiler/arm_4.9.9/include/stdlib.h")
     453                            .dwattr $C$DW$T$30, DW_AT_decl_line(0x4f)
     454                            .dwattr $C$DW$T$30, DW_AT_decl_column(0x23)
     455                    
     456                    $C$DW$T$20      .dwtag  DW_TAG_structure_type
     457                            .dwattr $C$DW$T$20, DW_AT_byte_size(0x08)
     458                    $C$DW$23        .dwtag  DW_TAG_member
     459                            .dwattr $C$DW$23, DW_AT_type(*$C$DW$T$10)
     460                            .dwattr $C$DW$23, DW_AT_name("quot")
     461                            .dwattr $C$DW$23, DW_AT_TI_symbol_name("quot")
     462                            .dwattr $C$DW$23, DW_AT_data_member_location[DW_OP_plus_uconst 0x0]
     463                            .dwattr $C$DW$23, DW_AT_accessibility(DW_ACCESS_public)
     464                            .dwattr $C$DW$23, DW_AT_decl_file("C:/ti/ccsv5/tools/compiler/arm_4.9.9/include/stdlib.h")
     465                            .dwattr $C$DW$23, DW_AT_decl_line(0x51)
     466                            .dwattr $C$DW$23, DW_AT_decl_column(0x16)
     467                    $C$DW$24        .dwtag  DW_TAG_member
     468                            .dwattr $C$DW$24, DW_AT_type(*$C$DW$T$10)
     469                            .dwattr $C$DW$24, DW_AT_name("rem")
     470                            .dwattr $C$DW$24, DW_AT_TI_symbol_name("rem")
     471                            .dwattr $C$DW$24, DW_AT_data_member_location[DW_OP_plus_uconst 0x4]
     472                            .dwattr $C$DW$24, DW_AT_accessibility(DW_ACCESS_public)
     473                            .dwattr $C$DW$24, DW_AT_decl_file("C:/ti/ccsv5/tools/compiler/arm_4.9.9/include/stdlib.h")
     474                            .dwattr $C$DW$24, DW_AT_decl_line(0x51)
     475                            .dwattr $C$DW$24, DW_AT_decl_column(0x1c)
     476                            .dwendtag $C$DW$T$20
     477                    
     478                            .dwattr $C$DW$T$20, DW_AT_decl_file("C:/ti/ccsv5/tools/compiler/arm_4.9.9/include/stdlib.h")
     479                            .dwattr $C$DW$T$20, DW_AT_decl_line(0x51)
     480                            .dwattr $C$DW$T$20, DW_AT_decl_column(0x10)
     481                    $C$DW$T$31      .dwtag  DW_TAG_typedef, DW_AT_name("ldiv_t")
     482                            .dwattr $C$DW$T$31, DW_AT_type(*$C$DW$T$20)
     483                            .dwattr $C$DW$T$31, DW_AT_language(DW_LANG_C)
     484                            .dwattr $C$DW$T$31, DW_AT_decl_file("C:/ti/ccsv5/tools/compiler/arm_4.9.9/include/stdlib.h")
     485                            .dwattr $C$DW$T$31, DW_AT_decl_line(0x51)
     486                            .dwattr $C$DW$T$31, DW_AT_decl_column(0x23)
     487                    
     488                    $C$DW$T$21      .dwtag  DW_TAG_structure_type
     489                            .dwattr $C$DW$T$21, DW_AT_byte_size(0x10)
     490                    $C$DW$25        .dwtag  DW_TAG_member
     491                            .dwattr $C$DW$25, DW_AT_type(*$C$DW$T$14)
     492                            .dwattr $C$DW$25, DW_AT_name("quot")
     493                            .dwattr $C$DW$25, DW_AT_TI_symbol_name("quot")
     494                            .dwattr $C$DW$25, DW_AT_data_member_location[DW_OP_plus_uconst 0x0]
     495                            .dwattr $C$DW$25, DW_AT_accessibility(DW_ACCESS_public)
TMS470 Assembler PC v4.9.9 Tue Dec 10 11:03:54 2013

Tools Copyright (c) 1996-2013 Texas Instruments Incorporated
task.asm                                                             PAGE   10

     496                            .dwattr $C$DW$25, DW_AT_decl_file("C:/ti/ccsv5/tools/compiler/arm_4.9.9/include/stdlib.h")
     497                            .dwattr $C$DW$25, DW_AT_decl_line(0x54)
     498                            .dwattr $C$DW$25, DW_AT_decl_column(0x1c)
     499                    $C$DW$26        .dwtag  DW_TAG_member
     500                            .dwattr $C$DW$26, DW_AT_type(*$C$DW$T$14)
     501                            .dwattr $C$DW$26, DW_AT_name("rem")
     502                            .dwattr $C$DW$26, DW_AT_TI_symbol_name("rem")
     503                            .dwattr $C$DW$26, DW_AT_data_member_location[DW_OP_plus_uconst 0x8]
     504                            .dwattr $C$DW$26, DW_AT_accessibility(DW_ACCESS_public)
     505                            .dwattr $C$DW$26, DW_AT_decl_file("C:/ti/ccsv5/tools/compiler/arm_4.9.9/include/stdlib.h")
     506                            .dwattr $C$DW$26, DW_AT_decl_line(0x54)
     507                            .dwattr $C$DW$26, DW_AT_decl_column(0x22)
     508                            .dwendtag $C$DW$T$21
     509                    
     510                            .dwattr $C$DW$T$21, DW_AT_decl_file("C:/ti/ccsv5/tools/compiler/arm_4.9.9/include/stdlib.h")
     511                            .dwattr $C$DW$T$21, DW_AT_decl_line(0x54)
     512                            .dwattr $C$DW$T$21, DW_AT_decl_column(0x10)
     513                    $C$DW$T$32      .dwtag  DW_TAG_typedef, DW_AT_name("lldiv_t")
     514                            .dwattr $C$DW$T$32, DW_AT_type(*$C$DW$T$21)
     515                            .dwattr $C$DW$T$32, DW_AT_language(DW_LANG_C)
     516                            .dwattr $C$DW$T$32, DW_AT_decl_file("C:/ti/ccsv5/tools/compiler/arm_4.9.9/include/stdlib.h")
     517                            .dwattr $C$DW$T$32, DW_AT_decl_line(0x54)
     518                            .dwattr $C$DW$T$32, DW_AT_decl_column(0x29)
     519                    $C$DW$T$3       .dwtag  DW_TAG_pointer_type
     520                            .dwattr $C$DW$T$3, DW_AT_address_class(0x20)
     521                    $C$DW$T$36      .dwtag  DW_TAG_typedef, DW_AT_name("__builtin_va_list")
     522                            .dwattr $C$DW$T$36, DW_AT_type(*$C$DW$T$3)
     523                            .dwattr $C$DW$T$36, DW_AT_language(DW_LANG_C)
     524                            .dwattr $C$DW$T$36, DW_AT_decl_file("../src/task.c")
     525                            .dwattr $C$DW$T$36, DW_AT_decl_line(0x4e)
     526                            .dwattr $C$DW$T$36, DW_AT_decl_column(0x01)
     527                    
     528                    $C$DW$T$23      .dwtag  DW_TAG_subroutine_type
     529                            .dwattr $C$DW$T$23, DW_AT_language(DW_LANG_C)
     530                    $C$DW$T$24      .dwtag  DW_TAG_pointer_type
     531                            .dwattr $C$DW$T$24, DW_AT_type(*$C$DW$T$23)
     532                            .dwattr $C$DW$T$24, DW_AT_address_class(0x20)
     533                    $C$DW$T$39      .dwtag  DW_TAG_typedef, DW_AT_name("__TI_atexit_fn")
     534                            .dwattr $C$DW$T$39, DW_AT_type(*$C$DW$T$24)
     535                            .dwattr $C$DW$T$39, DW_AT_language(DW_LANG_C)
     536                            .dwattr $C$DW$T$39, DW_AT_decl_file("C:/ti/ccsv5/tools/compiler/arm_4.9.9/include/stdlib.h")
     537                            .dwattr $C$DW$T$39, DW_AT_decl_line(0xa2)
     538                            .dwattr $C$DW$T$39, DW_AT_decl_column(0x14)
     539                    $C$DW$T$41      .dwtag  DW_TAG_const_type
     540                    $C$DW$T$42      .dwtag  DW_TAG_pointer_type
     541                            .dwattr $C$DW$T$42, DW_AT_type(*$C$DW$T$41)
     542                            .dwattr $C$DW$T$42, DW_AT_address_class(0x20)
     543                    $C$DW$T$4       .dwtag  DW_TAG_base_type
     544                            .dwattr $C$DW$T$4, DW_AT_encoding(DW_ATE_boolean)
     545                            .dwattr $C$DW$T$4, DW_AT_name("bool")
     546                            .dwattr $C$DW$T$4, DW_AT_byte_size(0x01)
     547                    $C$DW$T$5       .dwtag  DW_TAG_base_type
     548                            .dwattr $C$DW$T$5, DW_AT_encoding(DW_ATE_signed_char)
     549                            .dwattr $C$DW$T$5, DW_AT_name("signed char")
     550                            .dwattr $C$DW$T$5, DW_AT_byte_size(0x01)
TMS470 Assembler PC v4.9.9 Tue Dec 10 11:03:54 2013

Tools Copyright (c) 1996-2013 Texas Instruments Incorporated
task.asm                                                             PAGE   11

     551                    $C$DW$T$43      .dwtag  DW_TAG_typedef, DW_AT_name("int8_t")
     552                            .dwattr $C$DW$T$43, DW_AT_type(*$C$DW$T$5)
     553                            .dwattr $C$DW$T$43, DW_AT_language(DW_LANG_C)
     554                            .dwattr $C$DW$T$43, DW_AT_decl_file("C:/ti/ccsv5/tools/compiler/arm_4.9.9/include/stdint.h")
     555                            .dwattr $C$DW$T$43, DW_AT_decl_line(0x2a)
     556                            .dwattr $C$DW$T$43, DW_AT_decl_column(0x1d)
     557                    $C$DW$T$44      .dwtag  DW_TAG_typedef, DW_AT_name("int_least8_t")
     558                            .dwattr $C$DW$T$44, DW_AT_type(*$C$DW$T$43)
     559                            .dwattr $C$DW$T$44, DW_AT_language(DW_LANG_C)
     560                            .dwattr $C$DW$T$44, DW_AT_decl_file("C:/ti/ccsv5/tools/compiler/arm_4.9.9/include/stdint.h")
     561                            .dwattr $C$DW$T$44, DW_AT_decl_line(0x37)
     562                            .dwattr $C$DW$T$44, DW_AT_decl_column(0x17)
     563                    $C$DW$T$6       .dwtag  DW_TAG_base_type
     564                            .dwattr $C$DW$T$6, DW_AT_encoding(DW_ATE_unsigned_char)
     565                            .dwattr $C$DW$T$6, DW_AT_name("unsigned char")
     566                            .dwattr $C$DW$T$6, DW_AT_byte_size(0x01)
     567                    $C$DW$T$26      .dwtag  DW_TAG_typedef, DW_AT_name("uint8_t")
     568                            .dwattr $C$DW$T$26, DW_AT_type(*$C$DW$T$6)
     569                            .dwattr $C$DW$T$26, DW_AT_language(DW_LANG_C)
     570                            .dwattr $C$DW$T$26, DW_AT_decl_file("C:/ti/ccsv5/tools/compiler/arm_4.9.9/include/stdint.h")
     571                            .dwattr $C$DW$T$26, DW_AT_decl_line(0x2b)
     572                            .dwattr $C$DW$T$26, DW_AT_decl_column(0x1c)
     573                    $C$DW$T$45      .dwtag  DW_TAG_typedef, DW_AT_name("uint_least8_t")
     574                            .dwattr $C$DW$T$45, DW_AT_type(*$C$DW$T$26)
     575                            .dwattr $C$DW$T$45, DW_AT_language(DW_LANG_C)
     576                            .dwattr $C$DW$T$45, DW_AT_decl_file("C:/ti/ccsv5/tools/compiler/arm_4.9.9/include/stdint.h")
     577                            .dwattr $C$DW$T$45, DW_AT_decl_line(0x38)
     578                            .dwattr $C$DW$T$45, DW_AT_decl_column(0x16)
     579                    $C$DW$T$7       .dwtag  DW_TAG_base_type
     580                            .dwattr $C$DW$T$7, DW_AT_encoding(DW_ATE_signed_char)
     581                            .dwattr $C$DW$T$7, DW_AT_name("wchar_t")
     582                            .dwattr $C$DW$T$7, DW_AT_byte_size(0x02)
     583                    $C$DW$T$8       .dwtag  DW_TAG_base_type
     584                            .dwattr $C$DW$T$8, DW_AT_encoding(DW_ATE_signed)
     585                            .dwattr $C$DW$T$8, DW_AT_name("short")
     586                            .dwattr $C$DW$T$8, DW_AT_byte_size(0x02)
     587                    $C$DW$T$46      .dwtag  DW_TAG_typedef, DW_AT_name("int16_t")
     588                            .dwattr $C$DW$T$46, DW_AT_type(*$C$DW$T$8)
     589                            .dwattr $C$DW$T$46, DW_AT_language(DW_LANG_C)
     590                            .dwattr $C$DW$T$46, DW_AT_decl_file("C:/ti/ccsv5/tools/compiler/arm_4.9.9/include/stdint.h")
     591                            .dwattr $C$DW$T$46, DW_AT_decl_line(0x2c)
     592                            .dwattr $C$DW$T$46, DW_AT_decl_column(0x1d)
     593                    $C$DW$T$47      .dwtag  DW_TAG_typedef, DW_AT_name("int_least16_t")
     594                            .dwattr $C$DW$T$47, DW_AT_type(*$C$DW$T$46)
     595                            .dwattr $C$DW$T$47, DW_AT_language(DW_LANG_C)
     596                            .dwattr $C$DW$T$47, DW_AT_decl_file("C:/ti/ccsv5/tools/compiler/arm_4.9.9/include/stdint.h")
     597                            .dwattr $C$DW$T$47, DW_AT_decl_line(0x3a)
     598                            .dwattr $C$DW$T$47, DW_AT_decl_column(0x17)
     599                    $C$DW$T$9       .dwtag  DW_TAG_base_type
     600                            .dwattr $C$DW$T$9, DW_AT_encoding(DW_ATE_unsigned)
     601                            .dwattr $C$DW$T$9, DW_AT_name("unsigned short")
     602                            .dwattr $C$DW$T$9, DW_AT_byte_size(0x02)
     603                    $C$DW$T$48      .dwtag  DW_TAG_typedef, DW_AT_name("uint16_t")
     604                            .dwattr $C$DW$T$48, DW_AT_type(*$C$DW$T$9)
     605                            .dwattr $C$DW$T$48, DW_AT_language(DW_LANG_C)
TMS470 Assembler PC v4.9.9 Tue Dec 10 11:03:54 2013

Tools Copyright (c) 1996-2013 Texas Instruments Incorporated
task.asm                                                             PAGE   12

     606                            .dwattr $C$DW$T$48, DW_AT_decl_file("C:/ti/ccsv5/tools/compiler/arm_4.9.9/include/stdint.h")
     607                            .dwattr $C$DW$T$48, DW_AT_decl_line(0x2d)
     608                            .dwattr $C$DW$T$48, DW_AT_decl_column(0x1c)
     609                    $C$DW$T$49      .dwtag  DW_TAG_typedef, DW_AT_name("uint_least16_t")
     610                            .dwattr $C$DW$T$49, DW_AT_type(*$C$DW$T$48)
     611                            .dwattr $C$DW$T$49, DW_AT_language(DW_LANG_C)
     612                            .dwattr $C$DW$T$49, DW_AT_decl_file("C:/ti/ccsv5/tools/compiler/arm_4.9.9/include/stdint.h")
     613                            .dwattr $C$DW$T$49, DW_AT_decl_line(0x3b)
     614                            .dwattr $C$DW$T$49, DW_AT_decl_column(0x16)
     615                    $C$DW$T$50      .dwtag  DW_TAG_typedef, DW_AT_name("wchar_t")
     616                            .dwattr $C$DW$T$50, DW_AT_type(*$C$DW$T$9)
     617                            .dwattr $C$DW$T$50, DW_AT_language(DW_LANG_C)
     618                            .dwattr $C$DW$T$50, DW_AT_decl_file("C:/ti/ccsv5/tools/compiler/arm_4.9.9/include/stdlib.h")
     619                            .dwattr $C$DW$T$50, DW_AT_decl_line(0x69)
     620                            .dwattr $C$DW$T$50, DW_AT_decl_column(0x1a)
     621                    $C$DW$T$10      .dwtag  DW_TAG_base_type
     622                            .dwattr $C$DW$T$10, DW_AT_encoding(DW_ATE_signed)
     623                            .dwattr $C$DW$T$10, DW_AT_name("int")
     624                            .dwattr $C$DW$T$10, DW_AT_byte_size(0x04)
     625                    $C$DW$T$22      .dwtag  DW_TAG_pointer_type
     626                            .dwattr $C$DW$T$22, DW_AT_type(*$C$DW$T$10)
     627                            .dwattr $C$DW$T$22, DW_AT_address_class(0x20)
     628                    
     629                    $C$DW$T$51      .dwtag  DW_TAG_subroutine_type
     630                            .dwattr $C$DW$T$51, DW_AT_type(*$C$DW$T$10)
     631                            .dwattr $C$DW$T$51, DW_AT_language(DW_LANG_C)
     632                    $C$DW$27        .dwtag  DW_TAG_formal_parameter
     633                            .dwattr $C$DW$27, DW_AT_type(*$C$DW$T$42)
     634                    $C$DW$28        .dwtag  DW_TAG_formal_parameter
     635                            .dwattr $C$DW$28, DW_AT_type(*$C$DW$T$42)
     636                            .dwendtag $C$DW$T$51
     637                    
     638                    $C$DW$T$52      .dwtag  DW_TAG_pointer_type
     639                            .dwattr $C$DW$T$52, DW_AT_type(*$C$DW$T$51)
     640                            .dwattr $C$DW$T$52, DW_AT_address_class(0x20)
     641                    $C$DW$T$53      .dwtag  DW_TAG_typedef, DW_AT_name("__TI_compar_fn")
     642                            .dwattr $C$DW$T$53, DW_AT_type(*$C$DW$T$52)
     643                            .dwattr $C$DW$T$53, DW_AT_language(DW_LANG_C)
     644                            .dwattr $C$DW$T$53, DW_AT_decl_file("C:/ti/ccsv5/tools/compiler/arm_4.9.9/include/stdlib.h")
     645                            .dwattr $C$DW$T$53, DW_AT_decl_line(0xa5)
     646                            .dwattr $C$DW$T$53, DW_AT_decl_column(0x13)
     647                    $C$DW$T$54      .dwtag  DW_TAG_typedef, DW_AT_name("int32_t")
     648                            .dwattr $C$DW$T$54, DW_AT_type(*$C$DW$T$10)
     649                            .dwattr $C$DW$T$54, DW_AT_language(DW_LANG_C)
     650                            .dwattr $C$DW$T$54, DW_AT_decl_file("C:/ti/ccsv5/tools/compiler/arm_4.9.9/include/stdint.h")
     651                            .dwattr $C$DW$T$54, DW_AT_decl_line(0x2e)
     652                            .dwattr $C$DW$T$54, DW_AT_decl_column(0x1d)
     653                    $C$DW$T$55      .dwtag  DW_TAG_typedef, DW_AT_name("int_fast16_t")
     654                            .dwattr $C$DW$T$55, DW_AT_type(*$C$DW$T$54)
     655                            .dwattr $C$DW$T$55, DW_AT_language(DW_LANG_C)
     656                            .dwattr $C$DW$T$55, DW_AT_decl_file("C:/ti/ccsv5/tools/compiler/arm_4.9.9/include/stdint.h")
     657                            .dwattr $C$DW$T$55, DW_AT_decl_line(0x47)
     658                            .dwattr $C$DW$T$55, DW_AT_decl_column(0x17)
     659                    $C$DW$T$56      .dwtag  DW_TAG_typedef, DW_AT_name("int_fast32_t")
     660                            .dwattr $C$DW$T$56, DW_AT_type(*$C$DW$T$54)
TMS470 Assembler PC v4.9.9 Tue Dec 10 11:03:54 2013

Tools Copyright (c) 1996-2013 Texas Instruments Incorporated
task.asm                                                             PAGE   13

     661                            .dwattr $C$DW$T$56, DW_AT_language(DW_LANG_C)
     662                            .dwattr $C$DW$T$56, DW_AT_decl_file("C:/ti/ccsv5/tools/compiler/arm_4.9.9/include/stdint.h")
     663                            .dwattr $C$DW$T$56, DW_AT_decl_line(0x4a)
     664                            .dwattr $C$DW$T$56, DW_AT_decl_column(0x17)
     665                    $C$DW$T$57      .dwtag  DW_TAG_typedef, DW_AT_name("int_fast8_t")
     666                            .dwattr $C$DW$T$57, DW_AT_type(*$C$DW$T$54)
     667                            .dwattr $C$DW$T$57, DW_AT_language(DW_LANG_C)
     668                            .dwattr $C$DW$T$57, DW_AT_decl_file("C:/ti/ccsv5/tools/compiler/arm_4.9.9/include/stdint.h")
     669                            .dwattr $C$DW$T$57, DW_AT_decl_line(0x45)
     670                            .dwattr $C$DW$T$57, DW_AT_decl_column(0x17)
     671                    $C$DW$T$58      .dwtag  DW_TAG_typedef, DW_AT_name("int_least32_t")
     672                            .dwattr $C$DW$T$58, DW_AT_type(*$C$DW$T$54)
     673                            .dwattr $C$DW$T$58, DW_AT_language(DW_LANG_C)
     674                            .dwattr $C$DW$T$58, DW_AT_decl_file("C:/ti/ccsv5/tools/compiler/arm_4.9.9/include/stdint.h")
     675                            .dwattr $C$DW$T$58, DW_AT_decl_line(0x3c)
     676                            .dwattr $C$DW$T$58, DW_AT_decl_column(0x17)
     677                    $C$DW$T$59      .dwtag  DW_TAG_typedef, DW_AT_name("intptr_t")
     678                            .dwattr $C$DW$T$59, DW_AT_type(*$C$DW$T$10)
     679                            .dwattr $C$DW$T$59, DW_AT_language(DW_LANG_C)
     680                            .dwattr $C$DW$T$59, DW_AT_decl_file("C:/ti/ccsv5/tools/compiler/arm_4.9.9/include/stdint.h")
     681                            .dwattr $C$DW$T$59, DW_AT_decl_line(0x52)
     682                            .dwattr $C$DW$T$59, DW_AT_decl_column(0x1a)
     683                    $C$DW$T$11      .dwtag  DW_TAG_base_type
     684                            .dwattr $C$DW$T$11, DW_AT_encoding(DW_ATE_unsigned)
     685                            .dwattr $C$DW$T$11, DW_AT_name("unsigned int")
     686                            .dwattr $C$DW$T$11, DW_AT_byte_size(0x04)
     687                    $C$DW$T$33      .dwtag  DW_TAG_typedef, DW_AT_name("size_t")
     688                            .dwattr $C$DW$T$33, DW_AT_type(*$C$DW$T$11)
     689                            .dwattr $C$DW$T$33, DW_AT_language(DW_LANG_C)
     690                            .dwattr $C$DW$T$33, DW_AT_decl_file("C:/ti/ccsv5/tools/compiler/arm_4.9.9/include/stdlib.h")
     691                            .dwattr $C$DW$T$33, DW_AT_decl_line(0x63)
     692                            .dwattr $C$DW$T$33, DW_AT_decl_column(0x19)
     693                    $C$DW$T$27      .dwtag  DW_TAG_typedef, DW_AT_name("uint32_t")
     694                            .dwattr $C$DW$T$27, DW_AT_type(*$C$DW$T$11)
     695                            .dwattr $C$DW$T$27, DW_AT_language(DW_LANG_C)
     696                            .dwattr $C$DW$T$27, DW_AT_decl_file("C:/ti/ccsv5/tools/compiler/arm_4.9.9/include/stdint.h")
     697                            .dwattr $C$DW$T$27, DW_AT_decl_line(0x2f)
     698                            .dwattr $C$DW$T$27, DW_AT_decl_column(0x1c)
     699                    $C$DW$T$60      .dwtag  DW_TAG_typedef, DW_AT_name("uint_fast16_t")
     700                            .dwattr $C$DW$T$60, DW_AT_type(*$C$DW$T$27)
     701                            .dwattr $C$DW$T$60, DW_AT_language(DW_LANG_C)
     702                            .dwattr $C$DW$T$60, DW_AT_decl_file("C:/ti/ccsv5/tools/compiler/arm_4.9.9/include/stdint.h")
     703                            .dwattr $C$DW$T$60, DW_AT_decl_line(0x48)
     704                            .dwattr $C$DW$T$60, DW_AT_decl_column(0x16)
     705                    $C$DW$T$61      .dwtag  DW_TAG_typedef, DW_AT_name("uint_fast32_t")
     706                            .dwattr $C$DW$T$61, DW_AT_type(*$C$DW$T$27)
     707                            .dwattr $C$DW$T$61, DW_AT_language(DW_LANG_C)
     708                            .dwattr $C$DW$T$61, DW_AT_decl_file("C:/ti/ccsv5/tools/compiler/arm_4.9.9/include/stdint.h")
     709                            .dwattr $C$DW$T$61, DW_AT_decl_line(0x4b)
     710                            .dwattr $C$DW$T$61, DW_AT_decl_column(0x16)
     711                    $C$DW$T$62      .dwtag  DW_TAG_typedef, DW_AT_name("uint_fast8_t")
     712                            .dwattr $C$DW$T$62, DW_AT_type(*$C$DW$T$27)
     713                            .dwattr $C$DW$T$62, DW_AT_language(DW_LANG_C)
     714                            .dwattr $C$DW$T$62, DW_AT_decl_file("C:/ti/ccsv5/tools/compiler/arm_4.9.9/include/stdint.h")
     715                            .dwattr $C$DW$T$62, DW_AT_decl_line(0x46)
TMS470 Assembler PC v4.9.9 Tue Dec 10 11:03:54 2013

Tools Copyright (c) 1996-2013 Texas Instruments Incorporated
task.asm                                                             PAGE   14

     716                            .dwattr $C$DW$T$62, DW_AT_decl_column(0x16)
     717                    $C$DW$T$63      .dwtag  DW_TAG_typedef, DW_AT_name("uint_least32_t")
     718                            .dwattr $C$DW$T$63, DW_AT_type(*$C$DW$T$27)
     719                            .dwattr $C$DW$T$63, DW_AT_language(DW_LANG_C)
     720                            .dwattr $C$DW$T$63, DW_AT_decl_file("C:/ti/ccsv5/tools/compiler/arm_4.9.9/include/stdint.h")
     721                            .dwattr $C$DW$T$63, DW_AT_decl_line(0x3d)
     722                            .dwattr $C$DW$T$63, DW_AT_decl_column(0x16)
     723                    $C$DW$T$64      .dwtag  DW_TAG_typedef, DW_AT_name("uintptr_t")
     724                            .dwattr $C$DW$T$64, DW_AT_type(*$C$DW$T$11)
     725                            .dwattr $C$DW$T$64, DW_AT_language(DW_LANG_C)
     726                            .dwattr $C$DW$T$64, DW_AT_decl_file("C:/ti/ccsv5/tools/compiler/arm_4.9.9/include/stdint.h")
     727                            .dwattr $C$DW$T$64, DW_AT_decl_line(0x53)
     728                            .dwattr $C$DW$T$64, DW_AT_decl_column(0x1a)
     729                    $C$DW$T$12      .dwtag  DW_TAG_base_type
     730                            .dwattr $C$DW$T$12, DW_AT_encoding(DW_ATE_signed)
     731                            .dwattr $C$DW$T$12, DW_AT_name("long")
     732                            .dwattr $C$DW$T$12, DW_AT_byte_size(0x04)
     733                    $C$DW$T$13      .dwtag  DW_TAG_base_type
     734                            .dwattr $C$DW$T$13, DW_AT_encoding(DW_ATE_unsigned)
     735                            .dwattr $C$DW$T$13, DW_AT_name("unsigned long")
     736                            .dwattr $C$DW$T$13, DW_AT_byte_size(0x04)
     737                    $C$DW$T$14      .dwtag  DW_TAG_base_type
     738                            .dwattr $C$DW$T$14, DW_AT_encoding(DW_ATE_signed)
     739                            .dwattr $C$DW$T$14, DW_AT_name("long long")
     740                            .dwattr $C$DW$T$14, DW_AT_byte_size(0x08)
     741                    $C$DW$T$65      .dwtag  DW_TAG_typedef, DW_AT_name("int64_t")
     742                            .dwattr $C$DW$T$65, DW_AT_type(*$C$DW$T$14)
     743                            .dwattr $C$DW$T$65, DW_AT_language(DW_LANG_C)
     744                            .dwattr $C$DW$T$65, DW_AT_decl_file("C:/ti/ccsv5/tools/compiler/arm_4.9.9/include/stdint.h")
     745                            .dwattr $C$DW$T$65, DW_AT_decl_line(0x32)
     746                            .dwattr $C$DW$T$65, DW_AT_decl_column(0x21)
     747                    $C$DW$T$66      .dwtag  DW_TAG_typedef, DW_AT_name("int_fast64_t")
     748                            .dwattr $C$DW$T$66, DW_AT_type(*$C$DW$T$65)
     749                            .dwattr $C$DW$T$66, DW_AT_language(DW_LANG_C)
     750                            .dwattr $C$DW$T$66, DW_AT_decl_file("C:/ti/ccsv5/tools/compiler/arm_4.9.9/include/stdint.h")
     751                            .dwattr $C$DW$T$66, DW_AT_decl_line(0x4e)
     752                            .dwattr $C$DW$T$66, DW_AT_decl_column(0x17)
     753                    $C$DW$T$67      .dwtag  DW_TAG_typedef, DW_AT_name("int_least64_t")
     754                            .dwattr $C$DW$T$67, DW_AT_type(*$C$DW$T$65)
     755                            .dwattr $C$DW$T$67, DW_AT_language(DW_LANG_C)
     756                            .dwattr $C$DW$T$67, DW_AT_decl_file("C:/ti/ccsv5/tools/compiler/arm_4.9.9/include/stdint.h")
     757                            .dwattr $C$DW$T$67, DW_AT_decl_line(0x40)
     758                            .dwattr $C$DW$T$67, DW_AT_decl_column(0x17)
     759                    $C$DW$T$68      .dwtag  DW_TAG_typedef, DW_AT_name("intmax_t")
     760                            .dwattr $C$DW$T$68, DW_AT_type(*$C$DW$T$14)
     761                            .dwattr $C$DW$T$68, DW_AT_language(DW_LANG_C)
     762                            .dwattr $C$DW$T$68, DW_AT_decl_file("C:/ti/ccsv5/tools/compiler/arm_4.9.9/include/stdint.h")
     763                            .dwattr $C$DW$T$68, DW_AT_decl_line(0x56)
     764                            .dwattr $C$DW$T$68, DW_AT_decl_column(0x20)
     765                    $C$DW$T$15      .dwtag  DW_TAG_base_type
     766                            .dwattr $C$DW$T$15, DW_AT_encoding(DW_ATE_unsigned)
     767                            .dwattr $C$DW$T$15, DW_AT_name("unsigned long long")
     768                            .dwattr $C$DW$T$15, DW_AT_byte_size(0x08)
     769                    $C$DW$T$69      .dwtag  DW_TAG_typedef, DW_AT_name("uint64_t")
     770                            .dwattr $C$DW$T$69, DW_AT_type(*$C$DW$T$15)
TMS470 Assembler PC v4.9.9 Tue Dec 10 11:03:54 2013

Tools Copyright (c) 1996-2013 Texas Instruments Incorporated
task.asm                                                             PAGE   15

     771                            .dwattr $C$DW$T$69, DW_AT_language(DW_LANG_C)
     772                            .dwattr $C$DW$T$69, DW_AT_decl_file("C:/ti/ccsv5/tools/compiler/arm_4.9.9/include/stdint.h")
     773                            .dwattr $C$DW$T$69, DW_AT_decl_line(0x33)
     774                            .dwattr $C$DW$T$69, DW_AT_decl_column(0x20)
     775                    $C$DW$T$70      .dwtag  DW_TAG_typedef, DW_AT_name("uint_fast64_t")
     776                            .dwattr $C$DW$T$70, DW_AT_type(*$C$DW$T$69)
     777                            .dwattr $C$DW$T$70, DW_AT_language(DW_LANG_C)
     778                            .dwattr $C$DW$T$70, DW_AT_decl_file("C:/ti/ccsv5/tools/compiler/arm_4.9.9/include/stdint.h")
     779                            .dwattr $C$DW$T$70, DW_AT_decl_line(0x4f)
     780                            .dwattr $C$DW$T$70, DW_AT_decl_column(0x16)
     781                    $C$DW$T$71      .dwtag  DW_TAG_typedef, DW_AT_name("uint_least64_t")
     782                            .dwattr $C$DW$T$71, DW_AT_type(*$C$DW$T$69)
     783                            .dwattr $C$DW$T$71, DW_AT_language(DW_LANG_C)
     784                            .dwattr $C$DW$T$71, DW_AT_decl_file("C:/ti/ccsv5/tools/compiler/arm_4.9.9/include/stdint.h")
     785                            .dwattr $C$DW$T$71, DW_AT_decl_line(0x41)
     786                            .dwattr $C$DW$T$71, DW_AT_decl_column(0x16)
     787                    $C$DW$T$72      .dwtag  DW_TAG_typedef, DW_AT_name("uintmax_t")
     788                            .dwattr $C$DW$T$72, DW_AT_type(*$C$DW$T$15)
     789                            .dwattr $C$DW$T$72, DW_AT_language(DW_LANG_C)
     790                            .dwattr $C$DW$T$72, DW_AT_decl_file("C:/ti/ccsv5/tools/compiler/arm_4.9.9/include/stdint.h")
     791                            .dwattr $C$DW$T$72, DW_AT_decl_line(0x57)
     792                            .dwattr $C$DW$T$72, DW_AT_decl_column(0x20)
     793                    $C$DW$T$16      .dwtag  DW_TAG_base_type
     794                            .dwattr $C$DW$T$16, DW_AT_encoding(DW_ATE_float)
     795                            .dwattr $C$DW$T$16, DW_AT_name("float")
     796                            .dwattr $C$DW$T$16, DW_AT_byte_size(0x04)
     797                    $C$DW$T$17      .dwtag  DW_TAG_base_type
     798                            .dwattr $C$DW$T$17, DW_AT_encoding(DW_ATE_float)
     799                            .dwattr $C$DW$T$17, DW_AT_name("double")
     800                            .dwattr $C$DW$T$17, DW_AT_byte_size(0x08)
     801                    $C$DW$T$18      .dwtag  DW_TAG_base_type
     802                            .dwattr $C$DW$T$18, DW_AT_encoding(DW_ATE_float)
     803                            .dwattr $C$DW$T$18, DW_AT_name("long double")
     804                            .dwattr $C$DW$T$18, DW_AT_byte_size(0x08)
     805                    $C$DW$T$28      .dwtag  DW_TAG_base_type
     806                            .dwattr $C$DW$T$28, DW_AT_encoding(DW_ATE_unsigned_char)
     807                            .dwattr $C$DW$T$28, DW_AT_name("unsigned char")
     808                            .dwattr $C$DW$T$28, DW_AT_byte_size(0x01)
     809                    
     810                    $C$DW$T$29      .dwtag  DW_TAG_structure_type
     811                            .dwattr $C$DW$T$29, DW_AT_name("_task")
     812                            .dwattr $C$DW$T$29, DW_AT_byte_size(0x14)
     813                    $C$DW$29        .dwtag  DW_TAG_member
     814                            .dwattr $C$DW$29, DW_AT_type(*$C$DW$T$22)
     815                            .dwattr $C$DW$29, DW_AT_name("stack")
     816                            .dwattr $C$DW$29, DW_AT_TI_symbol_name("stack")
     817                            .dwattr $C$DW$29, DW_AT_data_member_location[DW_OP_plus_uconst 0x0]
     818                            .dwattr $C$DW$29, DW_AT_accessibility(DW_ACCESS_public)
     819                            .dwattr $C$DW$29, DW_AT_decl_file("..\src\task.h")
     820                            .dwattr $C$DW$29, DW_AT_decl_line(0x16)
     821                            .dwattr $C$DW$29, DW_AT_decl_column(0x0b)
     822                    $C$DW$30        .dwtag  DW_TAG_member
     823                            .dwattr $C$DW$30, DW_AT_type(*$C$DW$T$24)
     824                            .dwattr $C$DW$30, DW_AT_name("function")
     825                            .dwattr $C$DW$30, DW_AT_TI_symbol_name("function")
TMS470 Assembler PC v4.9.9 Tue Dec 10 11:03:54 2013

Tools Copyright (c) 1996-2013 Texas Instruments Incorporated
task.asm                                                             PAGE   16

     826                            .dwattr $C$DW$30, DW_AT_data_member_location[DW_OP_plus_uconst 0x4]
     827                            .dwattr $C$DW$30, DW_AT_accessibility(DW_ACCESS_public)
     828                            .dwattr $C$DW$30, DW_AT_decl_file("..\src\task.h")
     829                            .dwattr $C$DW$30, DW_AT_decl_line(0x18)
     830                            .dwattr $C$DW$30, DW_AT_decl_column(0x08)
     831                    $C$DW$31        .dwtag  DW_TAG_member
     832                            .dwattr $C$DW$31, DW_AT_type(*$C$DW$T$25)
     833                            .dwattr $C$DW$31, DW_AT_name("state")
     834                            .dwattr $C$DW$31, DW_AT_TI_symbol_name("state")
     835                            .dwattr $C$DW$31, DW_AT_data_member_location[DW_OP_plus_uconst 0x8]
     836                            .dwattr $C$DW$31, DW_AT_accessibility(DW_ACCESS_public)
     837                            .dwattr $C$DW$31, DW_AT_decl_file("..\src\task.h")
     838                            .dwattr $C$DW$31, DW_AT_decl_line(0x19)
     839                            .dwattr $C$DW$31, DW_AT_decl_column(0x11)
     840                    $C$DW$32        .dwtag  DW_TAG_member
     841                            .dwattr $C$DW$32, DW_AT_type(*$C$DW$T$26)
     842                            .dwattr $C$DW$32, DW_AT_name("uiPriority")
     843                            .dwattr $C$DW$32, DW_AT_TI_symbol_name("uiPriority")
     844                            .dwattr $C$DW$32, DW_AT_data_member_location[DW_OP_plus_uconst 0x9]
     845                            .dwattr $C$DW$32, DW_AT_accessibility(DW_ACCESS_public)
     846                            .dwattr $C$DW$32, DW_AT_decl_file("..\src\task.h")
     847                            .dwattr $C$DW$32, DW_AT_decl_line(0x1a)
     848                            .dwattr $C$DW$32, DW_AT_decl_column(0x0c)
     849                    $C$DW$33        .dwtag  DW_TAG_member
     850                            .dwattr $C$DW$33, DW_AT_type(*$C$DW$T$27)
     851                            .dwattr $C$DW$33, DW_AT_name("uiCounter")
     852                            .dwattr $C$DW$33, DW_AT_TI_symbol_name("uiCounter")
     853                            .dwattr $C$DW$33, DW_AT_data_member_location[DW_OP_plus_uconst 0xc]
     854                            .dwattr $C$DW$33, DW_AT_accessibility(DW_ACCESS_public)
     855                            .dwattr $C$DW$33, DW_AT_decl_file("..\src\task.h")
     856                            .dwattr $C$DW$33, DW_AT_decl_line(0x1b)
     857                            .dwattr $C$DW$33, DW_AT_decl_column(0x0c)
     858                    $C$DW$34        .dwtag  DW_TAG_member
     859                            .dwattr $C$DW$34, DW_AT_type(*$C$DW$T$28)
     860                            .dwattr $C$DW$34, DW_AT_name("bInitialized")
     861                            .dwattr $C$DW$34, DW_AT_TI_symbol_name("bInitialized")
     862                            .dwattr $C$DW$34, DW_AT_data_member_location[DW_OP_plus_uconst 0x10]
     863                            .dwattr $C$DW$34, DW_AT_accessibility(DW_ACCESS_public)
     864                            .dwattr $C$DW$34, DW_AT_decl_file("..\src\task.h")
     865                            .dwattr $C$DW$34, DW_AT_decl_line(0x1d)
     866                            .dwattr $C$DW$34, DW_AT_decl_column(0x09)
     867                            .dwendtag $C$DW$T$29
     868                    
     869                            .dwattr $C$DW$T$29, DW_AT_decl_file("..\src\task.h")
     870                            .dwattr $C$DW$T$29, DW_AT_decl_line(0x15)
     871                            .dwattr $C$DW$T$29, DW_AT_decl_column(0x10)
     872                    $C$DW$T$73      .dwtag  DW_TAG_typedef, DW_AT_name("task")
     873                            .dwattr $C$DW$T$73, DW_AT_type(*$C$DW$T$29)
     874                            .dwattr $C$DW$T$73, DW_AT_language(DW_LANG_C)
     875                            .dwattr $C$DW$T$73, DW_AT_decl_file("..\src\task.h")
     876                            .dwattr $C$DW$T$73, DW_AT_decl_line(0x1e)
     877                            .dwattr $C$DW$T$73, DW_AT_decl_column(0x03)
     878                    
     879                    $C$DW$T$74      .dwtag  DW_TAG_array_type
     880                            .dwattr $C$DW$T$74, DW_AT_type(*$C$DW$T$73)
TMS470 Assembler PC v4.9.9 Tue Dec 10 11:03:54 2013

Tools Copyright (c) 1996-2013 Texas Instruments Incorporated
task.asm                                                             PAGE   17

     881                            .dwattr $C$DW$T$74, DW_AT_language(DW_LANG_C)
     882                            .dwattr $C$DW$T$74, DW_AT_byte_size(0x140)
     883                    $C$DW$35        .dwtag  DW_TAG_subrange_type
     884                            .dwattr $C$DW$35, DW_AT_upper_bound(0x0f)
     885                            .dwendtag $C$DW$T$74
     886                    
     887                    $C$DW$T$75      .dwtag  DW_TAG_pointer_type
     888                            .dwattr $C$DW$T$75, DW_AT_type(*$C$DW$T$73)
     889                            .dwattr $C$DW$T$75, DW_AT_address_class(0x20)
     890                    
     891                    $C$DW$T$25      .dwtag  DW_TAG_enumeration_type
     892                            .dwattr $C$DW$T$25, DW_AT_name("taskState")
     893                            .dwattr $C$DW$T$25, DW_AT_byte_size(0x01)
     894                    $C$DW$36        .dwtag  DW_TAG_enumerator, DW_AT_name("RUNNING"), DW_AT_const_value(0x00)
     895                            .dwattr $C$DW$36, DW_AT_decl_file("..\src\task.h")
     896                            .dwattr $C$DW$36, DW_AT_decl_line(0x12)
     897                            .dwattr $C$DW$36, DW_AT_decl_column(0x10)
     898                    $C$DW$37        .dwtag  DW_TAG_enumerator, DW_AT_name("READY"), DW_AT_const_value(0x01)
     899                            .dwattr $C$DW$37, DW_AT_decl_file("..\src\task.h")
     900                            .dwattr $C$DW$37, DW_AT_decl_line(0x12)
     901                            .dwattr $C$DW$37, DW_AT_decl_column(0x19)
     902                    $C$DW$38        .dwtag  DW_TAG_enumerator, DW_AT_name("WAITING"), DW_AT_const_value(0x02)
     903                            .dwattr $C$DW$38, DW_AT_decl_file("..\src\task.h")
     904                            .dwattr $C$DW$38, DW_AT_decl_line(0x12)
     905                            .dwattr $C$DW$38, DW_AT_decl_column(0x20)
     906                            .dwendtag $C$DW$T$25
     907                    
     908                            .dwattr $C$DW$T$25, DW_AT_decl_file("..\src\task.h")
     909                            .dwattr $C$DW$T$25, DW_AT_decl_line(0x12)
     910                            .dwattr $C$DW$T$25, DW_AT_decl_column(0x06)
     911                            .dwattr $C$DW$CU, DW_AT_language(DW_LANG_C)
     912                    
     913                    ;***************************************************************
     914                    ;* DWARF CIE ENTRIES                                           *
     915                    ;***************************************************************
     916                    
     917                    $C$DW$CIE       .dwcie 84
     918                            .dwcfi  cfa_register, 13
     919                            .dwcfi  cfa_offset, 0
     920                            .dwcfi  undefined, 0
     921                            .dwcfi  undefined, 1
     922                            .dwcfi  undefined, 2
     923                            .dwcfi  undefined, 3
     924                            .dwcfi  same_value, 4
     925                            .dwcfi  same_value, 5
     926                            .dwcfi  same_value, 6
     927                            .dwcfi  same_value, 7
     928                            .dwcfi  same_value, 8
     929                            .dwcfi  same_value, 9
     930                            .dwcfi  same_value, 10
     931                            .dwcfi  same_value, 11
     932                            .dwcfi  undefined, 12
     933                            .dwcfi  undefined, 13
     934                            .dwcfi  undefined, 14
     935                            .dwcfi  undefined, 15
TMS470 Assembler PC v4.9.9 Tue Dec 10 11:03:54 2013

Tools Copyright (c) 1996-2013 Texas Instruments Incorporated
task.asm                                                             PAGE   18

     936                            .dwcfi  undefined, 17
     937                            .dwcfi  undefined, 16
     938                            .dwcfi  undefined, 20
     939                            .dwcfi  undefined, 21
     940                            .dwcfi  undefined, 22
     941                            .dwcfi  undefined, 23
     942                            .dwcfi  undefined, 24
     943                            .dwcfi  undefined, 25
     944                            .dwcfi  undefined, 26
     945                            .dwcfi  undefined, 27
     946                            .dwcfi  undefined, 28
     947                            .dwcfi  undefined, 29
     948                            .dwcfi  undefined, 30
     949                            .dwcfi  undefined, 31
     950                            .dwcfi  undefined, 32
     951                            .dwcfi  undefined, 33
     952                            .dwcfi  undefined, 34
     953                            .dwcfi  undefined, 35
     954                            .dwcfi  same_value, 36
     955                            .dwcfi  same_value, 37
     956                            .dwcfi  same_value, 38
     957                            .dwcfi  same_value, 39
     958                            .dwcfi  same_value, 40
     959                            .dwcfi  same_value, 41
     960                            .dwcfi  same_value, 42
     961                            .dwcfi  same_value, 43
     962                            .dwcfi  same_value, 44
     963                            .dwcfi  same_value, 45
     964                            .dwcfi  same_value, 46
     965                            .dwcfi  same_value, 47
     966                            .dwcfi  same_value, 48
     967                            .dwcfi  same_value, 49
     968                            .dwcfi  same_value, 50
     969                            .dwcfi  same_value, 51
     970                            .dwcfi  undefined, 18
     971                            .dwcfi  undefined, 19
     972                            .dwcfi  undefined, 84
     973                            .dwendentry
     974                    
     975                    ;***************************************************************
     976                    ;* DWARF REGISTER MAP                                          *
     977                    ;***************************************************************
     978                    
     979                    $C$DW$39        .dwtag  DW_TAG_TI_assign_register, DW_AT_name("A1")
     980                            .dwattr $C$DW$39, DW_AT_location[DW_OP_reg0]
     981                    $C$DW$40        .dwtag  DW_TAG_TI_assign_register, DW_AT_name("A2")
     982                            .dwattr $C$DW$40, DW_AT_location[DW_OP_reg1]
     983                    $C$DW$41        .dwtag  DW_TAG_TI_assign_register, DW_AT_name("A3")
     984                            .dwattr $C$DW$41, DW_AT_location[DW_OP_reg2]
     985                    $C$DW$42        .dwtag  DW_TAG_TI_assign_register, DW_AT_name("A4")
     986                            .dwattr $C$DW$42, DW_AT_location[DW_OP_reg3]
     987                    $C$DW$43        .dwtag  DW_TAG_TI_assign_register, DW_AT_name("V1")
     988                            .dwattr $C$DW$43, DW_AT_location[DW_OP_reg4]
     989                    $C$DW$44        .dwtag  DW_TAG_TI_assign_register, DW_AT_name("V2")
     990                            .dwattr $C$DW$44, DW_AT_location[DW_OP_reg5]
TMS470 Assembler PC v4.9.9 Tue Dec 10 11:03:54 2013

Tools Copyright (c) 1996-2013 Texas Instruments Incorporated
task.asm                                                             PAGE   19

     991                    $C$DW$45        .dwtag  DW_TAG_TI_assign_register, DW_AT_name("V3")
     992                            .dwattr $C$DW$45, DW_AT_location[DW_OP_reg6]
     993                    $C$DW$46        .dwtag  DW_TAG_TI_assign_register, DW_AT_name("V4")
     994                            .dwattr $C$DW$46, DW_AT_location[DW_OP_reg7]
     995                    $C$DW$47        .dwtag  DW_TAG_TI_assign_register, DW_AT_name("V5")
     996                            .dwattr $C$DW$47, DW_AT_location[DW_OP_reg8]
     997                    $C$DW$48        .dwtag  DW_TAG_TI_assign_register, DW_AT_name("V6")
     998                            .dwattr $C$DW$48, DW_AT_location[DW_OP_reg9]
     999                    $C$DW$49        .dwtag  DW_TAG_TI_assign_register, DW_AT_name("V7")
    1000                            .dwattr $C$DW$49, DW_AT_location[DW_OP_reg10]
    1001                    $C$DW$50        .dwtag  DW_TAG_TI_assign_register, DW_AT_name("V8")
    1002                            .dwattr $C$DW$50, DW_AT_location[DW_OP_reg11]
    1003                    $C$DW$51        .dwtag  DW_TAG_TI_assign_register, DW_AT_name("V9")
    1004                            .dwattr $C$DW$51, DW_AT_location[DW_OP_reg12]
    1005                    $C$DW$52        .dwtag  DW_TAG_TI_assign_register, DW_AT_name("SP")
    1006                            .dwattr $C$DW$52, DW_AT_location[DW_OP_reg13]
    1007                    $C$DW$53        .dwtag  DW_TAG_TI_assign_register, DW_AT_name("LR")
    1008                            .dwattr $C$DW$53, DW_AT_location[DW_OP_reg14]
    1009                    $C$DW$54        .dwtag  DW_TAG_TI_assign_register, DW_AT_name("PC")
    1010                            .dwattr $C$DW$54, DW_AT_location[DW_OP_reg15]
    1011                    $C$DW$55        .dwtag  DW_TAG_TI_assign_register, DW_AT_name("SR")
    1012                            .dwattr $C$DW$55, DW_AT_location[DW_OP_reg17]
    1013                    $C$DW$56        .dwtag  DW_TAG_TI_assign_register, DW_AT_name("AP")
    1014                            .dwattr $C$DW$56, DW_AT_location[DW_OP_reg16]
    1015                    $C$DW$57        .dwtag  DW_TAG_TI_assign_register, DW_AT_name("D0")
    1016                            .dwattr $C$DW$57, DW_AT_location[DW_OP_reg20]
    1017                    $C$DW$58        .dwtag  DW_TAG_TI_assign_register, DW_AT_name("D0_hi")
    1018                            .dwattr $C$DW$58, DW_AT_location[DW_OP_reg21]
    1019                    $C$DW$59        .dwtag  DW_TAG_TI_assign_register, DW_AT_name("D1")
    1020                            .dwattr $C$DW$59, DW_AT_location[DW_OP_reg22]
    1021                    $C$DW$60        .dwtag  DW_TAG_TI_assign_register, DW_AT_name("D1_hi")
    1022                            .dwattr $C$DW$60, DW_AT_location[DW_OP_reg23]
    1023                    $C$DW$61        .dwtag  DW_TAG_TI_assign_register, DW_AT_name("D2")
    1024                            .dwattr $C$DW$61, DW_AT_location[DW_OP_reg24]
    1025                    $C$DW$62        .dwtag  DW_TAG_TI_assign_register, DW_AT_name("D2_hi")
    1026                            .dwattr $C$DW$62, DW_AT_location[DW_OP_reg25]
    1027                    $C$DW$63        .dwtag  DW_TAG_TI_assign_register, DW_AT_name("D3")
    1028                            .dwattr $C$DW$63, DW_AT_location[DW_OP_reg26]
    1029                    $C$DW$64        .dwtag  DW_TAG_TI_assign_register, DW_AT_name("D3_hi")
    1030                            .dwattr $C$DW$64, DW_AT_location[DW_OP_reg27]
    1031                    $C$DW$65        .dwtag  DW_TAG_TI_assign_register, DW_AT_name("D4")
    1032                            .dwattr $C$DW$65, DW_AT_location[DW_OP_reg28]
    1033                    $C$DW$66        .dwtag  DW_TAG_TI_assign_register, DW_AT_name("D4_hi")
    1034                            .dwattr $C$DW$66, DW_AT_location[DW_OP_reg29]
    1035                    $C$DW$67        .dwtag  DW_TAG_TI_assign_register, DW_AT_name("D5")
    1036                            .dwattr $C$DW$67, DW_AT_location[DW_OP_reg30]
    1037                    $C$DW$68        .dwtag  DW_TAG_TI_assign_register, DW_AT_name("D5_hi")
    1038                            .dwattr $C$DW$68, DW_AT_location[DW_OP_reg31]
    1039                    $C$DW$69        .dwtag  DW_TAG_TI_assign_register, DW_AT_name("D6")
    1040                            .dwattr $C$DW$69, DW_AT_location[DW_OP_regx 0x20]
    1041                    $C$DW$70        .dwtag  DW_TAG_TI_assign_register, DW_AT_name("D6_hi")
    1042                            .dwattr $C$DW$70, DW_AT_location[DW_OP_regx 0x21]
    1043                    $C$DW$71        .dwtag  DW_TAG_TI_assign_register, DW_AT_name("D7")
    1044                            .dwattr $C$DW$71, DW_AT_location[DW_OP_regx 0x22]
    1045                    $C$DW$72        .dwtag  DW_TAG_TI_assign_register, DW_AT_name("D7_hi")
TMS470 Assembler PC v4.9.9 Tue Dec 10 11:03:54 2013

Tools Copyright (c) 1996-2013 Texas Instruments Incorporated
task.asm                                                             PAGE   20

    1046                            .dwattr $C$DW$72, DW_AT_location[DW_OP_regx 0x23]
    1047                    $C$DW$73        .dwtag  DW_TAG_TI_assign_register, DW_AT_name("D8")
    1048                            .dwattr $C$DW$73, DW_AT_location[DW_OP_regx 0x24]
    1049                    $C$DW$74        .dwtag  DW_TAG_TI_assign_register, DW_AT_name("D8_hi")
    1050                            .dwattr $C$DW$74, DW_AT_location[DW_OP_regx 0x25]
    1051                    $C$DW$75        .dwtag  DW_TAG_TI_assign_register, DW_AT_name("D9")
    1052                            .dwattr $C$DW$75, DW_AT_location[DW_OP_regx 0x26]
    1053                    $C$DW$76        .dwtag  DW_TAG_TI_assign_register, DW_AT_name("D9_hi")
    1054                            .dwattr $C$DW$76, DW_AT_location[DW_OP_regx 0x27]
    1055                    $C$DW$77        .dwtag  DW_TAG_TI_assign_register, DW_AT_name("D10")
    1056                            .dwattr $C$DW$77, DW_AT_location[DW_OP_regx 0x28]
    1057                    $C$DW$78        .dwtag  DW_TAG_TI_assign_register, DW_AT_name("D10_hi")
    1058                            .dwattr $C$DW$78, DW_AT_location[DW_OP_regx 0x29]
    1059                    $C$DW$79        .dwtag  DW_TAG_TI_assign_register, DW_AT_name("D11")
    1060                            .dwattr $C$DW$79, DW_AT_location[DW_OP_regx 0x2a]
    1061                    $C$DW$80        .dwtag  DW_TAG_TI_assign_register, DW_AT_name("D11_hi")
    1062                            .dwattr $C$DW$80, DW_AT_location[DW_OP_regx 0x2b]
    1063                    $C$DW$81        .dwtag  DW_TAG_TI_assign_register, DW_AT_name("D12")
    1064                            .dwattr $C$DW$81, DW_AT_location[DW_OP_regx 0x2c]
    1065                    $C$DW$82        .dwtag  DW_TAG_TI_assign_register, DW_AT_name("D12_hi")
    1066                            .dwattr $C$DW$82, DW_AT_location[DW_OP_regx 0x2d]
    1067                    $C$DW$83        .dwtag  DW_TAG_TI_assign_register, DW_AT_name("D13")
    1068                            .dwattr $C$DW$83, DW_AT_location[DW_OP_regx 0x2e]
    1069                    $C$DW$84        .dwtag  DW_TAG_TI_assign_register, DW_AT_name("D13_hi")
    1070                            .dwattr $C$DW$84, DW_AT_location[DW_OP_regx 0x2f]
    1071                    $C$DW$85        .dwtag  DW_TAG_TI_assign_register, DW_AT_name("D14")
    1072                            .dwattr $C$DW$85, DW_AT_location[DW_OP_regx 0x30]
    1073                    $C$DW$86        .dwtag  DW_TAG_TI_assign_register, DW_AT_name("D14_hi")
    1074                            .dwattr $C$DW$86, DW_AT_location[DW_OP_regx 0x31]
    1075                    $C$DW$87        .dwtag  DW_TAG_TI_assign_register, DW_AT_name("D15")
    1076                            .dwattr $C$DW$87, DW_AT_location[DW_OP_regx 0x32]
    1077                    $C$DW$88        .dwtag  DW_TAG_TI_assign_register, DW_AT_name("D15_hi")
    1078                            .dwattr $C$DW$88, DW_AT_location[DW_OP_regx 0x33]
    1079                    $C$DW$89        .dwtag  DW_TAG_TI_assign_register, DW_AT_name("FPEXC")
    1080                            .dwattr $C$DW$89, DW_AT_location[DW_OP_reg18]
    1081                    $C$DW$90        .dwtag  DW_TAG_TI_assign_register, DW_AT_name("FPSCR")
    1082                            .dwattr $C$DW$90, DW_AT_location[DW_OP_reg19]
    1083                    $C$DW$91        .dwtag  DW_TAG_TI_assign_register, DW_AT_name("CIE_RETA")
    1084                            .dwattr $C$DW$91, DW_AT_location[DW_OP_regx 0x54]
    1085                            .dwendtag $C$DW$CU
    1086                    

--------------------------
Thumb2 Statistics
--------------------------
Number of Thumb2 ins converted to Thumb = 0 (0%)
Number of Thumb ins in input = 105 (86%)
Number of Thumb2 ins encoded as Thumb2 = 17 (100%)
Number of Thumb2 ins converted to 2 OPND Thumb = 74


No Assembly Errors, No Assembly Warnings
