TMS470 Assembler PC v4.9.5 Mon Nov 18 13:10:53 2013

Tools Copyright (c) 1996-2012 Texas Instruments Incorporated
../switch.asm                                                        PAGE    1

       1                            .global _pushRegistersToCurrentPSP
       2                            .global _popRegistersFromCurrentPSP
       3                            .global _readPSP
       4                            .global _writePSP
       5                                    
       6 00000000           _pushRegistersToCurrentPSP:
       7 00000000 8009F3EF                  MRS     R0      , psp                   ;Move PSP to register R0 (the function argumen
       8 00000004 0FF0E920                  STMDB   R0!     , {r4-r11}              ;Store multiple registers decrement address be
       9                                                                                            ;when done write back last use
      10 00000008 8809F380                  MSR     psp     , R0                    ;Move register %0 to psp to update to the new 
      11                    
      12                    
      13 0000000c           _popRegistersFromCurrentPSP:
      14 0000000c 8009F3EF                  MRS     R0      , psp                   ;Move PSP to register %0 ; [KEEP 32-BIT INS]
      15 00000010 0FF0E8B0                  LDMFD   R0!     , {r4-r11}              ;Load multiple registers increment address aft
      16                                                                                            ;when done write back last use
      17 00000014 8809F380                  MSR     psp     , R0                    ;Move register %0 to psp to update to the new 
      18                    
      19                    
      20 00000018           _readPSP:
      21 00000018 8009F3EF                  MRS     R0 , psp                        ;move psp to ; [KEEP 32-BIT INS]
      22                    
      23                    
      24 0000001c           _writePSP:
      25 0000001c 8809F380          MSR     psp     , R0                    ;Move %0 to psp. with input value ptr ; [KEEP 32-BIT I
      26                    

--------------------------
Thumb2 Statistics
--------------------------
Number of Thumb2 ins converted to Thumb = 0 (0%)
Number of Thumb ins in input = 1 (11%)
Number of Thumb2 ins encoded as Thumb2 = 8 (100%)
Number of Thumb2 ins converted to 2 OPND Thumb = 0


No Assembly Errors, No Assembly Warnings
